[0.013s] Invoking command in '/home/acclivis/lgsvl_msgs/build/lgsvl_msgs': CMAKE_PREFIX_PATH=${CMAKE_PREFIX_PATH}:/opt/ros/foxy /usr/bin/cmake /home/acclivis/lgsvl_msgs -DCMAKE_INSTALL_PREFIX=/home/acclivis/lgsvl_msgs/install/lgsvl_msgs
[0.090s] -- The C compiler identification is GNU 9.3.0
[0.145s] -- The CXX compiler identification is GNU 9.3.0
[0.151s] -- Check for working C compiler: /usr/bin/cc
[0.212s] -- Check for working C compiler: /usr/bin/cc -- works
[0.213s] -- Detecting C compiler ABI info
[0.274s] -- Detecting C compiler ABI info - done
[0.286s] -- Detecting C compile features
[0.287s] -- Detecting C compile features - done
[0.290s] -- Check for working CXX compiler: /usr/bin/c++
[0.360s] -- Check for working CXX compiler: /usr/bin/c++ -- works
[0.361s] -- Detecting CXX compiler ABI info
[0.429s] -- Detecting CXX compiler ABI info - done
[0.442s] -- Detecting CXX compile features
[0.443s] -- Detecting CXX compile features - done
[0.446s] -- Found ros_environment: 2.5.0 (/opt/ros/foxy/share/ros_environment/cmake)
[0.448s] -- Found ament_cmake: 0.9.8 (/opt/ros/foxy/share/ament_cmake/cmake)
[0.470s] -- Found PythonInterp: /usr/bin/python3 (found suitable version "3.8.5", minimum required is "3") 
[0.470s] -- Using PYTHON_EXECUTABLE: /usr/bin/python3
[0.650s] -- Found builtin_interfaces: 1.0.0 (/opt/ros/foxy/share/builtin_interfaces/cmake)
[0.680s] -- Using all available rosidl_typesupport_c: rosidl_typesupport_fastrtps_c;rosidl_typesupport_introspection_c
[0.688s] -- Found rosidl_adapter: 1.2.0 (/opt/ros/foxy/share/rosidl_adapter/cmake)
[0.935s] -- Found OpenSSL: /usr/lib/x86_64-linux-gnu/libcrypto.so (found version "1.1.1f")  
[0.974s] -- Found FastRTPS: /opt/ros/foxy/include  
[1.056s] -- Using all available rosidl_typesupport_cpp: rosidl_typesupport_fastrtps_cpp;rosidl_typesupport_introspection_cpp
[1.084s] -- Found geometry_msgs: 2.0.3 (/opt/ros/foxy/share/geometry_msgs/cmake)
[1.140s] -- Found sensor_msgs: 2.0.3 (/opt/ros/foxy/share/sensor_msgs/cmake)
[1.206s] -- Found rosidl_default_generators: 1.0.0 (/opt/ros/foxy/share/rosidl_default_generators/cmake)
[1.237s] -- Found PythonInterp: /usr/bin/python3 (found version "3.8.5") 
[1.487s] -- Found ament_cmake_cppcheck: 0.9.6 (/opt/ros/foxy/share/ament_cmake_cppcheck/cmake)
[1.490s] -- Found ament_cmake_cpplint: 0.9.6 (/opt/ros/foxy/share/ament_cmake_cpplint/cmake)
[1.492s] -- Found ament_cmake_uncrustify: 0.9.6 (/opt/ros/foxy/share/ament_cmake_uncrustify/cmake)
[1.495s] -- Found ament_cmake_ros: 0.9.1 (/opt/ros/foxy/share/ament_cmake_ros/cmake)
[1.804s] -- Using all available rosidl_typesupport_c: rosidl_typesupport_fastrtps_c;rosidl_typesupport_introspection_c
[1.957s] -- Using all available rosidl_typesupport_cpp: rosidl_typesupport_fastrtps_cpp;rosidl_typesupport_introspection_cpp
[1.981s] -- Found PythonInterp: /usr/bin/python3 (found suitable version "3.8.5", minimum required is "3.5") 
[1.983s] -- Found python_cmake_module: 0.8.0 (/opt/ros/foxy/share/python_cmake_module/cmake)
[2.050s] -- Found PythonLibs: /usr/lib/x86_64-linux-gnu/libpython3.8.so (found suitable version "3.8.5", minimum required is "3.5") 
[2.051s] -- Using PYTHON_EXECUTABLE: /usr/bin/python3
[2.051s] -- Using PYTHON_INCLUDE_DIRS: /usr/include/python3.8
[2.051s] -- Using PYTHON_LIBRARIES: /usr/lib/x86_64-linux-gnu/libpython3.8.so
[2.100s] -- Found PythonExtra: .so  
[2.207s] -- Found ament_cmake_flake8: 0.9.6 (/opt/ros/foxy/share/ament_cmake_flake8/cmake)
[2.209s] -- Found ament_cmake_pep257: 0.9.6 (/opt/ros/foxy/share/ament_cmake_pep257/cmake)
[2.213s] -- Found ament_lint_auto: 0.9.6 (/opt/ros/foxy/share/ament_lint_auto/cmake)
[2.236s] -- Added test 'cppcheck' to perform static code analysis on C / C++ code
[2.238s] -- Configured cppcheck include dirs: $<BUILD_INTERFACE:/home/acclivis/lgsvl_msgs/build/lgsvl_msgs/rosidl_generator_c>;/home/acclivis/lgsvl_msgs/build/lgsvl_msgs/rosidl_generator_c;/home/acclivis/lgsvl_msgs/build/lgsvl_msgs/rosidl_generator_cpp;/home/acclivis/lgsvl_msgs/build/lgsvl_msgs/rosidl_typesupport_fastrtps_c;/home/acclivis/lgsvl_msgs/build/lgsvl_msgs/rosidl_typesupport_fastrtps_cpp;$<BUILD_INTERFACE:/home/acclivis/lgsvl_msgs/build/lgsvl_msgs/rosidl_typesupport_introspection_c>;$<BUILD_INTERFACE:/home/acclivis/lgsvl_msgs/build/lgsvl_msgs/rosidl_typesupport_c>;$<BUILD_INTERFACE:/home/acclivis/lgsvl_msgs/build/lgsvl_msgs/rosidl_generator_cpp>;/home/acclivis/lgsvl_msgs/build/lgsvl_msgs/rosidl_generator_py
[2.238s] -- Configured cppcheck exclude dirs and/or files: 
[2.246s] -- Added test 'cpplint' to check C / C++ code against the Google style
[2.246s] -- Configured cpplint exclude dirs and/or files: 
[2.255s] -- Added test 'uncrustify' to check C / C++ code style
[2.255s] -- Configured uncrustify additional arguments: 
[2.256s] -- Added test 'flake8' to check Python code syntax and style conventions
[2.257s] -- Added test 'pep257' to check Python code against some of the style conventions in PEP 257
[2.258s] -- Added test 'copyright' to check source files copyright and LICENSE
[2.260s] -- Added test 'lint_cmake' to check CMake code style
[2.262s] -- Added test 'xmllint' to check XML markup files
[2.267s] -- Configuring done
[2.368s] -- Generating done
[2.370s] -- Build files have been written to: /home/acclivis/lgsvl_msgs/build/lgsvl_msgs
[2.379s] Invoked command in '/home/acclivis/lgsvl_msgs/build/lgsvl_msgs' returned '0': CMAKE_PREFIX_PATH=${CMAKE_PREFIX_PATH}:/opt/ros/foxy /usr/bin/cmake /home/acclivis/lgsvl_msgs -DCMAKE_INSTALL_PREFIX=/home/acclivis/lgsvl_msgs/install/lgsvl_msgs
[2.379s] Invoking command in '/home/acclivis/lgsvl_msgs/build/lgsvl_msgs': CMAKE_PREFIX_PATH=${CMAKE_PREFIX_PATH}:/opt/ros/foxy /usr/bin/cmake --build /home/acclivis/lgsvl_msgs/build/lgsvl_msgs -- -j6 -l6
[2.419s] [35m[1mScanning dependencies of target lgsvl_msgs__cpp[0m
[2.420s] [  1%] [34m[1mGenerating C code for ROS interfaces[0m
[2.437s] [  1%] [34m[1mGenerating C++ code for ROS interfaces[0m
[3.700s] [  1%] Built target lgsvl_msgs__cpp
[3.717s] [  2%] [34m[1mGenerating C++ type support dispatch for ROS interfaces[0m
[3.721s] [  2%] [34m[1mGenerating C++ introspection for ROS interfaces[0m
[3.727s] [  3%] [34m[1mGenerating C++ type support for eProsima Fast-RTPS[0m
[3.739s] [35m[1mScanning dependencies of target lgsvl_msgs__rosidl_generator_c[0m
[3.758s] [  3%] [32mBuilding C object CMakeFiles/lgsvl_msgs__rosidl_generator_c.dir/rosidl_generator_c/lgsvl_msgs/msg/detail/bounding_box2_d__functions.c.o[0m
[3.762s] [  4%] [32mBuilding C object CMakeFiles/lgsvl_msgs__rosidl_generator_c.dir/rosidl_generator_c/lgsvl_msgs/msg/detail/bounding_box3_d__functions.c.o[0m
[3.780s] [  5%] [32mBuilding C object CMakeFiles/lgsvl_msgs__rosidl_generator_c.dir/rosidl_generator_c/lgsvl_msgs/msg/detail/can_bus_data__functions.c.o[0m
[3.809s] [  6%] [32mBuilding C object CMakeFiles/lgsvl_msgs__rosidl_generator_c.dir/rosidl_generator_c/lgsvl_msgs/msg/detail/detected_radar_object_array__functions.c.o[0m
[3.821s] [  6%] [32mBuilding C object CMakeFiles/lgsvl_msgs__rosidl_generator_c.dir/rosidl_generator_c/lgsvl_msgs/msg/detail/detected_radar_object__functions.c.o[0m
[3.853s] [  7%] [32mBuilding C object CMakeFiles/lgsvl_msgs__rosidl_generator_c.dir/rosidl_generator_c/lgsvl_msgs/msg/detail/detection2_d__functions.c.o[0m
[3.893s] [  8%] [32mBuilding C object CMakeFiles/lgsvl_msgs__rosidl_generator_c.dir/rosidl_generator_c/lgsvl_msgs/msg/detail/detection2_d_array__functions.c.o[0m
[3.915s] [  8%] [32mBuilding C object CMakeFiles/lgsvl_msgs__rosidl_generator_c.dir/rosidl_generator_c/lgsvl_msgs/msg/detail/detection3_d__functions.c.o[0m
[3.943s] [  9%] [32mBuilding C object CMakeFiles/lgsvl_msgs__rosidl_generator_c.dir/rosidl_generator_c/lgsvl_msgs/msg/detail/detection3_d_array__functions.c.o[0m
[3.967s] [ 10%] [32mBuilding C object CMakeFiles/lgsvl_msgs__rosidl_generator_c.dir/rosidl_generator_c/lgsvl_msgs/msg/detail/signal__functions.c.o[0m
[3.982s] [ 10%] [32mBuilding C object CMakeFiles/lgsvl_msgs__rosidl_generator_c.dir/rosidl_generator_c/lgsvl_msgs/msg/detail/signal_array__functions.c.o[0m
[3.990s] [ 11%] [32mBuilding C object CMakeFiles/lgsvl_msgs__rosidl_generator_c.dir/rosidl_generator_c/lgsvl_msgs/msg/detail/ultrasonic__functions.c.o[0m
[4.010s] [ 12%] [32mBuilding C object CMakeFiles/lgsvl_msgs__rosidl_generator_c.dir/rosidl_generator_c/lgsvl_msgs/msg/detail/vehicle_control_data__functions.c.o[0m
[4.025s] [ 13%] [32mBuilding C object CMakeFiles/lgsvl_msgs__rosidl_generator_c.dir/rosidl_generator_c/lgsvl_msgs/msg/detail/vehicle_state_data__functions.c.o[0m
[4.033s] [ 13%] [32mBuilding C object CMakeFiles/lgsvl_msgs__rosidl_generator_c.dir/rosidl_generator_c/lgsvl_msgs/msg/detail/vehicle_odometry__functions.c.o[0m
[4.081s] [ 14%] [32m[1mLinking C shared library liblgsvl_msgs__rosidl_generator_c.so[0m
[4.127s] [ 14%] Built target lgsvl_msgs__rosidl_generator_c
[4.144s] [ 15%] [34m[1mGenerating C type support dispatch for ROS interfaces[0m
[4.166s] [ 16%] [34m[1mGenerating C introspection for ROS interfaces[0m
[4.677s] [35m[1mScanning dependencies of target lgsvl_msgs__rosidl_typesupport_cpp[0m
[4.731s] [ 17%] [32mBuilding CXX object CMakeFiles/lgsvl_msgs__rosidl_typesupport_cpp.dir/rosidl_typesupport_cpp/lgsvl_msgs/msg/bounding_box2_d__type_support.cpp.o[0m
[4.864s] [ 17%] [32mBuilding CXX object CMakeFiles/lgsvl_msgs__rosidl_typesupport_cpp.dir/rosidl_typesupport_cpp/lgsvl_msgs/msg/bounding_box3_d__type_support.cpp.o[0m
[4.873s] [35m[1mScanning dependencies of target lgsvl_msgs__rosidl_typesupport_introspection_cpp[0m
[4.950s] [ 18%] [32mBuilding CXX object CMakeFiles/lgsvl_msgs__rosidl_typesupport_introspection_cpp.dir/rosidl_typesupport_introspection_cpp/lgsvl_msgs/msg/detail/bounding_box2_d__type_support.cpp.o[0m
[4.997s] [ 19%] [32mBuilding CXX object CMakeFiles/lgsvl_msgs__rosidl_typesupport_cpp.dir/rosidl_typesupport_cpp/lgsvl_msgs/msg/can_bus_data__type_support.cpp.o[0m
[5.181s] [ 20%] [32mBuilding CXX object CMakeFiles/lgsvl_msgs__rosidl_typesupport_cpp.dir/rosidl_typesupport_cpp/lgsvl_msgs/msg/detected_radar_object_array__type_support.cpp.o[0m
[5.242s] [35m[1mScanning dependencies of target lgsvl_msgs__rosidl_typesupport_c[0m
[5.256s] [ 21%] [32mBuilding CXX object CMakeFiles/lgsvl_msgs__rosidl_typesupport_introspection_cpp.dir/rosidl_typesupport_introspection_cpp/lgsvl_msgs/msg/detail/bounding_box3_d__type_support.cpp.o[0m
[5.265s] [35m[1mScanning dependencies of target lgsvl_msgs__rosidl_typesupport_fastrtps_cpp[0m
[5.268s] [ 21%] [32mBuilding CXX object CMakeFiles/lgsvl_msgs__rosidl_typesupport_c.dir/rosidl_typesupport_c/lgsvl_msgs/msg/bounding_box2_d__type_support.cpp.o[0m
[5.292s] [ 22%] [32mBuilding CXX object CMakeFiles/lgsvl_msgs__rosidl_typesupport_fastrtps_cpp.dir/rosidl_typesupport_fastrtps_cpp/lgsvl_msgs/msg/detail/dds_fastrtps/bounding_box2_d__type_support.cpp.o[0m
[5.314s] [ 23%] [32mBuilding CXX object CMakeFiles/lgsvl_msgs__rosidl_typesupport_c.dir/rosidl_typesupport_c/lgsvl_msgs/msg/bounding_box3_d__type_support.cpp.o[0m
[5.350s] [ 24%] [32mBuilding CXX object CMakeFiles/lgsvl_msgs__rosidl_typesupport_c.dir/rosidl_typesupport_c/lgsvl_msgs/msg/can_bus_data__type_support.cpp.o[0m
[5.380s] [ 24%] [32mBuilding CXX object CMakeFiles/lgsvl_msgs__rosidl_typesupport_introspection_cpp.dir/rosidl_typesupport_introspection_cpp/lgsvl_msgs/msg/detail/can_bus_data__type_support.cpp.o[0m
[5.411s] [ 24%] [32mBuilding CXX object CMakeFiles/lgsvl_msgs__rosidl_typesupport_c.dir/rosidl_typesupport_c/lgsvl_msgs/msg/detected_radar_object_array__type_support.cpp.o[0m
[5.461s] [ 25%] [32mBuilding CXX object CMakeFiles/lgsvl_msgs__rosidl_typesupport_c.dir/rosidl_typesupport_c/lgsvl_msgs/msg/detected_radar_object__type_support.cpp.o[0m
[5.508s] [ 25%] [32mBuilding CXX object CMakeFiles/lgsvl_msgs__rosidl_typesupport_cpp.dir/rosidl_typesupport_cpp/lgsvl_msgs/msg/detected_radar_object__type_support.cpp.o[0m
[5.551s] [ 26%] [32mBuilding CXX object CMakeFiles/lgsvl_msgs__rosidl_typesupport_c.dir/rosidl_typesupport_c/lgsvl_msgs/msg/detection2_d__type_support.cpp.o[0m
[5.567s] [ 27%] [32mBuilding CXX object CMakeFiles/lgsvl_msgs__rosidl_typesupport_introspection_cpp.dir/rosidl_typesupport_introspection_cpp/lgsvl_msgs/msg/detail/detected_radar_object_array__type_support.cpp.o[0m
[5.618s] [ 28%] [32mBuilding CXX object CMakeFiles/lgsvl_msgs__rosidl_typesupport_c.dir/rosidl_typesupport_c/lgsvl_msgs/msg/detection2_d_array__type_support.cpp.o[0m
[5.643s] [ 29%] [32mBuilding CXX object CMakeFiles/lgsvl_msgs__rosidl_typesupport_introspection_cpp.dir/rosidl_typesupport_introspection_cpp/lgsvl_msgs/msg/detail/detected_radar_object__type_support.cpp.o[0m
[5.670s] [ 29%] [32mBuilding CXX object CMakeFiles/lgsvl_msgs__rosidl_typesupport_c.dir/rosidl_typesupport_c/lgsvl_msgs/msg/detection3_d__type_support.cpp.o[0m
[5.718s] [ 30%] [32mBuilding CXX object CMakeFiles/lgsvl_msgs__rosidl_typesupport_c.dir/rosidl_typesupport_c/lgsvl_msgs/msg/detection3_d_array__type_support.cpp.o[0m
[5.783s] [35m[1mScanning dependencies of target lgsvl_msgs__rosidl_typesupport_introspection_c[0m
[5.793s] [ 31%] [32mBuilding CXX object CMakeFiles/lgsvl_msgs__rosidl_typesupport_cpp.dir/rosidl_typesupport_cpp/lgsvl_msgs/msg/detection2_d__type_support.cpp.o[0m
[5.800s] [ 32%] [32mBuilding CXX object CMakeFiles/lgsvl_msgs__rosidl_typesupport_fastrtps_cpp.dir/rosidl_typesupport_fastrtps_cpp/lgsvl_msgs/msg/detail/dds_fastrtps/bounding_box3_d__type_support.cpp.o[0m
[5.801s] [ 33%] [32mBuilding CXX object CMakeFiles/lgsvl_msgs__rosidl_typesupport_c.dir/rosidl_typesupport_c/lgsvl_msgs/msg/signal__type_support.cpp.o[0m
[5.836s] [ 34%] [32mBuilding C object CMakeFiles/lgsvl_msgs__rosidl_typesupport_introspection_c.dir/rosidl_typesupport_introspection_c/lgsvl_msgs/msg/detail/bounding_box2_d__type_support.c.o[0m
[5.887s] [ 34%] [32mBuilding CXX object CMakeFiles/lgsvl_msgs__rosidl_typesupport_c.dir/rosidl_typesupport_c/lgsvl_msgs/msg/signal_array__type_support.cpp.o[0m
[5.940s] [ 36%] [32mBuilding CXX object CMakeFiles/lgsvl_msgs__rosidl_typesupport_c.dir/rosidl_typesupport_c/lgsvl_msgs/msg/ultrasonic__type_support.cpp.o[0m
[5.941s] [ 36%] [32mBuilding CXX object CMakeFiles/lgsvl_msgs__rosidl_typesupport_introspection_cpp.dir/rosidl_typesupport_introspection_cpp/lgsvl_msgs/msg/detail/detection2_d__type_support.cpp.o[0m
[5.949s] [ 36%] [32mBuilding CXX object CMakeFiles/lgsvl_msgs__rosidl_typesupport_introspection_cpp.dir/rosidl_typesupport_introspection_cpp/lgsvl_msgs/msg/detail/detection2_d_array__type_support.cpp.o[0m
[5.952s] [ 36%] [32mBuilding C object CMakeFiles/lgsvl_msgs__rosidl_typesupport_introspection_c.dir/rosidl_typesupport_introspection_c/lgsvl_msgs/msg/detail/bounding_box3_d__type_support.c.o[0m
[5.996s] [ 37%] [32mBuilding CXX object CMakeFiles/lgsvl_msgs__rosidl_typesupport_c.dir/rosidl_typesupport_c/lgsvl_msgs/msg/vehicle_control_data__type_support.cpp.o[0m
[5.996s] [ 38%] [32mBuilding C object CMakeFiles/lgsvl_msgs__rosidl_typesupport_introspection_c.dir/rosidl_typesupport_introspection_c/lgsvl_msgs/msg/detail/can_bus_data__type_support.c.o[0m
[6.036s] [ 38%] [32mBuilding CXX object CMakeFiles/lgsvl_msgs__rosidl_typesupport_c.dir/rosidl_typesupport_c/lgsvl_msgs/msg/vehicle_state_data__type_support.cpp.o[0m
[6.048s] [ 39%] [32mBuilding C object CMakeFiles/lgsvl_msgs__rosidl_typesupport_introspection_c.dir/rosidl_typesupport_introspection_c/lgsvl_msgs/msg/detail/detected_radar_object_array__type_support.c.o[0m
[6.080s] [ 40%] [32mBuilding CXX object CMakeFiles/lgsvl_msgs__rosidl_typesupport_cpp.dir/rosidl_typesupport_cpp/lgsvl_msgs/msg/detection2_d_array__type_support.cpp.o[0m
[6.082s] [ 41%] [32mBuilding CXX object CMakeFiles/lgsvl_msgs__rosidl_typesupport_c.dir/rosidl_typesupport_c/lgsvl_msgs/msg/vehicle_odometry__type_support.cpp.o[0m
[6.093s] [ 42%] [32mBuilding C object CMakeFiles/lgsvl_msgs__rosidl_typesupport_introspection_c.dir/rosidl_typesupport_introspection_c/lgsvl_msgs/msg/detail/detected_radar_object__type_support.c.o[0m
[6.148s] [ 43%] [32m[1mLinking CXX shared library liblgsvl_msgs__rosidl_typesupport_c.so[0m
[6.166s] [ 43%] [32mBuilding C object CMakeFiles/lgsvl_msgs__rosidl_typesupport_introspection_c.dir/rosidl_typesupport_introspection_c/lgsvl_msgs/msg/detail/detection2_d__type_support.c.o[0m
[6.235s] [ 43%] [32mBuilding CXX object CMakeFiles/lgsvl_msgs__rosidl_typesupport_fastrtps_cpp.dir/rosidl_typesupport_fastrtps_cpp/lgsvl_msgs/msg/detail/dds_fastrtps/can_bus_data__type_support.cpp.o[0m
[6.250s] [ 44%] [32mBuilding C object CMakeFiles/lgsvl_msgs__rosidl_typesupport_introspection_c.dir/rosidl_typesupport_introspection_c/lgsvl_msgs/msg/detail/detection2_d_array__type_support.c.o[0m
[6.270s] [ 44%] Built target lgsvl_msgs__rosidl_typesupport_c
[6.292s] [ 45%] [32mBuilding CXX object CMakeFiles/lgsvl_msgs__rosidl_typesupport_cpp.dir/rosidl_typesupport_cpp/lgsvl_msgs/msg/detection3_d__type_support.cpp.o[0m
[6.309s] [ 45%] [32mBuilding CXX object CMakeFiles/lgsvl_msgs__rosidl_typesupport_cpp.dir/rosidl_typesupport_cpp/lgsvl_msgs/msg/detection3_d_array__type_support.cpp.o[0m
[6.314s] [ 46%] [32mBuilding C object CMakeFiles/lgsvl_msgs__rosidl_typesupport_introspection_c.dir/rosidl_typesupport_introspection_c/lgsvl_msgs/msg/detail/detection3_d__type_support.c.o[0m
[6.350s] [ 47%] [32mBuilding CXX object CMakeFiles/lgsvl_msgs__rosidl_typesupport_cpp.dir/rosidl_typesupport_cpp/lgsvl_msgs/msg/signal__type_support.cpp.o[0m
[6.359s] [ 48%] [32mBuilding CXX object CMakeFiles/lgsvl_msgs__rosidl_typesupport_introspection_cpp.dir/rosidl_typesupport_introspection_cpp/lgsvl_msgs/msg/detail/detection3_d__type_support.cpp.o[0m
[6.408s] [ 48%] [32mBuilding C object CMakeFiles/lgsvl_msgs__rosidl_typesupport_introspection_c.dir/rosidl_typesupport_introspection_c/lgsvl_msgs/msg/detail/detection3_d_array__type_support.c.o[0m
[6.508s] [ 49%] [32mBuilding C object CMakeFiles/lgsvl_msgs__rosidl_typesupport_introspection_c.dir/rosidl_typesupport_introspection_c/lgsvl_msgs/msg/detail/signal__type_support.c.o[0m
[6.594s] [ 50%] [32mBuilding C object CMakeFiles/lgsvl_msgs__rosidl_typesupport_introspection_c.dir/rosidl_typesupport_introspection_c/lgsvl_msgs/msg/detail/signal_array__type_support.c.o[0m
[6.598s] [ 51%] [32mBuilding CXX object CMakeFiles/lgsvl_msgs__rosidl_typesupport_cpp.dir/rosidl_typesupport_cpp/lgsvl_msgs/msg/signal_array__type_support.cpp.o[0m
[6.615s] [ 51%] [32mBuilding CXX object CMakeFiles/lgsvl_msgs__rosidl_typesupport_cpp.dir/rosidl_typesupport_cpp/lgsvl_msgs/msg/ultrasonic__type_support.cpp.o[0m
[6.632s] [ 52%] [32mBuilding CXX object CMakeFiles/lgsvl_msgs__rosidl_typesupport_fastrtps_cpp.dir/rosidl_typesupport_fastrtps_cpp/lgsvl_msgs/msg/detail/dds_fastrtps/detected_radar_object_array__type_support.cpp.o[0m
[6.662s] [ 52%] [32mBuilding C object CMakeFiles/lgsvl_msgs__rosidl_typesupport_introspection_c.dir/rosidl_typesupport_introspection_c/lgsvl_msgs/msg/detail/ultrasonic__type_support.c.o[0m
[6.668s] [ 53%] [32mBuilding CXX object CMakeFiles/lgsvl_msgs__rosidl_typesupport_cpp.dir/rosidl_typesupport_cpp/lgsvl_msgs/msg/vehicle_control_data__type_support.cpp.o[0m
[6.708s] [ 54%] [32mBuilding CXX object CMakeFiles/lgsvl_msgs__rosidl_typesupport_introspection_cpp.dir/rosidl_typesupport_introspection_cpp/lgsvl_msgs/msg/detail/detection3_d_array__type_support.cpp.o[0m
[6.749s] [ 55%] [32mBuilding C object CMakeFiles/lgsvl_msgs__rosidl_typesupport_introspection_c.dir/rosidl_typesupport_introspection_c/lgsvl_msgs/msg/detail/vehicle_control_data__type_support.c.o[0m
[6.873s] [ 56%] [32mBuilding C object CMakeFiles/lgsvl_msgs__rosidl_typesupport_introspection_c.dir/rosidl_typesupport_introspection_c/lgsvl_msgs/msg/detail/vehicle_state_data__type_support.c.o[0m
[6.900s] [ 57%] [32mBuilding CXX object CMakeFiles/lgsvl_msgs__rosidl_typesupport_cpp.dir/rosidl_typesupport_cpp/lgsvl_msgs/msg/vehicle_state_data__type_support.cpp.o[0m
[6.942s] [ 57%] [32mBuilding CXX object CMakeFiles/lgsvl_msgs__rosidl_typesupport_cpp.dir/rosidl_typesupport_cpp/lgsvl_msgs/msg/vehicle_odometry__type_support.cpp.o[0m
[6.947s] [ 58%] [32mBuilding C object CMakeFiles/lgsvl_msgs__rosidl_typesupport_introspection_c.dir/rosidl_typesupport_introspection_c/lgsvl_msgs/msg/detail/vehicle_odometry__type_support.c.o[0m
[6.981s] [ 58%] [32m[1mLinking C shared library liblgsvl_msgs__rosidl_typesupport_introspection_c.so[0m
[7.059s] [ 59%] [32mBuilding CXX object CMakeFiles/lgsvl_msgs__rosidl_typesupport_fastrtps_cpp.dir/rosidl_typesupport_fastrtps_cpp/lgsvl_msgs/msg/detail/dds_fastrtps/detected_radar_object__type_support.cpp.o[0m
[7.060s] [ 59%] [32mBuilding CXX object CMakeFiles/lgsvl_msgs__rosidl_typesupport_introspection_cpp.dir/rosidl_typesupport_introspection_cpp/lgsvl_msgs/msg/detail/signal__type_support.cpp.o[0m
[7.068s] [ 59%] Built target lgsvl_msgs__rosidl_typesupport_introspection_c
[7.084s] [ 60%] [32mBuilding CXX object CMakeFiles/lgsvl_msgs__rosidl_typesupport_introspection_cpp.dir/rosidl_typesupport_introspection_cpp/lgsvl_msgs/msg/detail/signal_array__type_support.cpp.o[0m
[7.084s] [ 61%] [32mBuilding CXX object CMakeFiles/lgsvl_msgs__rosidl_typesupport_introspection_cpp.dir/rosidl_typesupport_introspection_cpp/lgsvl_msgs/msg/detail/ultrasonic__type_support.cpp.o[0m
[7.227s] [ 61%] [32mBuilding CXX object CMakeFiles/lgsvl_msgs__rosidl_typesupport_introspection_cpp.dir/rosidl_typesupport_introspection_cpp/lgsvl_msgs/msg/detail/vehicle_control_data__type_support.cpp.o[0m
[7.327s] [ 62%] [32m[1mLinking CXX shared library liblgsvl_msgs__rosidl_typesupport_cpp.so[0m
[7.405s] [ 63%] [32mBuilding CXX object CMakeFiles/lgsvl_msgs__rosidl_typesupport_introspection_cpp.dir/rosidl_typesupport_introspection_cpp/lgsvl_msgs/msg/detail/vehicle_state_data__type_support.cpp.o[0m
[7.438s] [ 63%] Built target lgsvl_msgs__rosidl_typesupport_cpp
[7.448s] [ 64%] [32mBuilding CXX object CMakeFiles/lgsvl_msgs__rosidl_typesupport_introspection_cpp.dir/rosidl_typesupport_introspection_cpp/lgsvl_msgs/msg/detail/vehicle_odometry__type_support.cpp.o[0m
[7.469s] [ 64%] [32mBuilding CXX object CMakeFiles/lgsvl_msgs__rosidl_typesupport_fastrtps_cpp.dir/rosidl_typesupport_fastrtps_cpp/lgsvl_msgs/msg/detail/dds_fastrtps/detection2_d__type_support.cpp.o[0m
[7.524s] [ 65%] [32mBuilding CXX object CMakeFiles/lgsvl_msgs__rosidl_typesupport_fastrtps_cpp.dir/rosidl_typesupport_fastrtps_cpp/lgsvl_msgs/msg/detail/dds_fastrtps/detection2_d_array__type_support.cpp.o[0m
[7.561s] [ 66%] [32mBuilding CXX object CMakeFiles/lgsvl_msgs__rosidl_typesupport_fastrtps_cpp.dir/rosidl_typesupport_fastrtps_cpp/lgsvl_msgs/msg/detail/dds_fastrtps/detection3_d__type_support.cpp.o[0m
[7.569s] [ 66%] [32mBuilding CXX object CMakeFiles/lgsvl_msgs__rosidl_typesupport_fastrtps_cpp.dir/rosidl_typesupport_fastrtps_cpp/lgsvl_msgs/msg/detail/dds_fastrtps/detection3_d_array__type_support.cpp.o[0m
[7.717s] [ 67%] [32mBuilding CXX object CMakeFiles/lgsvl_msgs__rosidl_typesupport_fastrtps_cpp.dir/rosidl_typesupport_fastrtps_cpp/lgsvl_msgs/msg/detail/dds_fastrtps/signal__type_support.cpp.o[0m
[7.784s] [ 68%] [32m[1mLinking CXX shared library liblgsvl_msgs__rosidl_typesupport_introspection_cpp.so[0m
[7.920s] [ 68%] Built target lgsvl_msgs__rosidl_typesupport_introspection_cpp
[7.934s] [ 69%] [32mBuilding CXX object CMakeFiles/lgsvl_msgs__rosidl_typesupport_fastrtps_cpp.dir/rosidl_typesupport_fastrtps_cpp/lgsvl_msgs/msg/detail/dds_fastrtps/signal_array__type_support.cpp.o[0m
[7.963s] [ 70%] [32mBuilding CXX object CMakeFiles/lgsvl_msgs__rosidl_typesupport_fastrtps_cpp.dir/rosidl_typesupport_fastrtps_cpp/lgsvl_msgs/msg/detail/dds_fastrtps/ultrasonic__type_support.cpp.o[0m
[8.046s] [ 70%] [32mBuilding CXX object CMakeFiles/lgsvl_msgs__rosidl_typesupport_fastrtps_cpp.dir/rosidl_typesupport_fastrtps_cpp/lgsvl_msgs/msg/detail/dds_fastrtps/vehicle_control_data__type_support.cpp.o[0m
[8.067s] [ 71%] [32mBuilding CXX object CMakeFiles/lgsvl_msgs__rosidl_typesupport_fastrtps_cpp.dir/rosidl_typesupport_fastrtps_cpp/lgsvl_msgs/msg/detail/dds_fastrtps/vehicle_state_data__type_support.cpp.o[0m
[8.114s] [ 72%] [32mBuilding CXX object CMakeFiles/lgsvl_msgs__rosidl_typesupport_fastrtps_cpp.dir/rosidl_typesupport_fastrtps_cpp/lgsvl_msgs/msg/detail/dds_fastrtps/vehicle_odometry__type_support.cpp.o[0m
[8.502s] [ 72%] [32m[1mLinking CXX shared library liblgsvl_msgs__rosidl_typesupport_fastrtps_cpp.so[0m
[8.595s] [ 72%] Built target lgsvl_msgs__rosidl_typesupport_fastrtps_cpp
[8.605s] [ 73%] [34m[1mGenerating C type support for eProsima Fast-RTPS[0m
[9.612s] [35m[1mScanning dependencies of target lgsvl_msgs__rosidl_typesupport_fastrtps_c[0m
[9.646s] [ 73%] [32mBuilding CXX object CMakeFiles/lgsvl_msgs__rosidl_typesupport_fastrtps_c.dir/rosidl_typesupport_fastrtps_c/lgsvl_msgs/msg/detail/bounding_box3_d__type_support_c.cpp.o[0m
[9.646s] [ 74%] [32mBuilding CXX object CMakeFiles/lgsvl_msgs__rosidl_typesupport_fastrtps_c.dir/rosidl_typesupport_fastrtps_c/lgsvl_msgs/msg/detail/bounding_box2_d__type_support_c.cpp.o[0m
[9.646s] [ 75%] [32mBuilding CXX object CMakeFiles/lgsvl_msgs__rosidl_typesupport_fastrtps_c.dir/rosidl_typesupport_fastrtps_c/lgsvl_msgs/msg/detail/can_bus_data__type_support_c.cpp.o[0m
[9.647s] [ 76%] [32mBuilding CXX object CMakeFiles/lgsvl_msgs__rosidl_typesupport_fastrtps_c.dir/rosidl_typesupport_fastrtps_c/lgsvl_msgs/msg/detail/detected_radar_object_array__type_support_c.cpp.o[0m
[9.655s] [ 77%] [32mBuilding CXX object CMakeFiles/lgsvl_msgs__rosidl_typesupport_fastrtps_c.dir/rosidl_typesupport_fastrtps_c/lgsvl_msgs/msg/detail/detection2_d__type_support_c.cpp.o[0m
[9.655s] [ 76%] [32mBuilding CXX object CMakeFiles/lgsvl_msgs__rosidl_typesupport_fastrtps_c.dir/rosidl_typesupport_fastrtps_c/lgsvl_msgs/msg/detail/detected_radar_object__type_support_c.cpp.o[0m
[9.979s] [ 78%] [32mBuilding CXX object CMakeFiles/lgsvl_msgs__rosidl_typesupport_fastrtps_c.dir/rosidl_typesupport_fastrtps_c/lgsvl_msgs/msg/detail/detection2_d_array__type_support_c.cpp.o[0m
[9.987s] [ 78%] [32mBuilding CXX object CMakeFiles/lgsvl_msgs__rosidl_typesupport_fastrtps_c.dir/rosidl_typesupport_fastrtps_c/lgsvl_msgs/msg/detail/detection3_d__type_support_c.cpp.o[0m
[10.061s] [ 79%] [32mBuilding CXX object CMakeFiles/lgsvl_msgs__rosidl_typesupport_fastrtps_c.dir/rosidl_typesupport_fastrtps_c/lgsvl_msgs/msg/detail/detection3_d_array__type_support_c.cpp.o[0m
[10.146s] [ 80%] [32mBuilding CXX object CMakeFiles/lgsvl_msgs__rosidl_typesupport_fastrtps_c.dir/rosidl_typesupport_fastrtps_c/lgsvl_msgs/msg/detail/signal_array__type_support_c.cpp.o[0m
[10.146s] [ 81%] [32mBuilding CXX object CMakeFiles/lgsvl_msgs__rosidl_typesupport_fastrtps_c.dir/rosidl_typesupport_fastrtps_c/lgsvl_msgs/msg/detail/signal__type_support_c.cpp.o[0m
[10.163s] [ 81%] [32mBuilding CXX object CMakeFiles/lgsvl_msgs__rosidl_typesupport_fastrtps_c.dir/rosidl_typesupport_fastrtps_c/lgsvl_msgs/msg/detail/ultrasonic__type_support_c.cpp.o[0m
[10.343s] [ 82%] [32mBuilding CXX object CMakeFiles/lgsvl_msgs__rosidl_typesupport_fastrtps_c.dir/rosidl_typesupport_fastrtps_c/lgsvl_msgs/msg/detail/vehicle_control_data__type_support_c.cpp.o[0m
[10.434s] [ 83%] [32mBuilding CXX object CMakeFiles/lgsvl_msgs__rosidl_typesupport_fastrtps_c.dir/rosidl_typesupport_fastrtps_c/lgsvl_msgs/msg/detail/vehicle_state_data__type_support_c.cpp.o[0m
[10.488s] [ 83%] [32mBuilding CXX object CMakeFiles/lgsvl_msgs__rosidl_typesupport_fastrtps_c.dir/rosidl_typesupport_fastrtps_c/lgsvl_msgs/msg/detail/vehicle_odometry__type_support_c.cpp.o[0m
[10.836s] [ 84%] [32m[1mLinking CXX shared library liblgsvl_msgs__rosidl_typesupport_fastrtps_c.so[0m
[10.922s] [ 84%] Built target lgsvl_msgs__rosidl_typesupport_fastrtps_c
[10.931s] [35m[1mScanning dependencies of target lgsvl_msgs[0m
[10.941s] [ 84%] Built target lgsvl_msgs
[10.950s] [35m[1mScanning dependencies of target lgsvl_msgs__py[0m
[10.961s] [ 85%] [34m[1mGenerating Python code for ROS interfaces[0m
[13.116s] [ 85%] Built target lgsvl_msgs__py
[13.126s] [35m[1mScanning dependencies of target lgsvl_msgs__python[0m
[13.247s] [ 85%] [32mBuilding C object CMakeFiles/lgsvl_msgs__python.dir/rosidl_generator_py/lgsvl_msgs/msg/_bounding_box3_d_s.c.o[0m
[13.251s] [ 86%] [32mBuilding C object CMakeFiles/lgsvl_msgs__python.dir/rosidl_generator_py/lgsvl_msgs/msg/_detected_radar_object_s.c.o[0m
[13.251s] [ 86%] [32mBuilding C object CMakeFiles/lgsvl_msgs__python.dir/rosidl_generator_py/lgsvl_msgs/msg/_bounding_box2_d_s.c.o[0m
[13.252s] [ 87%] [32mBuilding C object CMakeFiles/lgsvl_msgs__python.dir/rosidl_generator_py/lgsvl_msgs/msg/_detected_radar_object_array_s.c.o[0m
[13.256s] [ 88%] [32mBuilding C object CMakeFiles/lgsvl_msgs__python.dir/rosidl_generator_py/lgsvl_msgs/msg/_can_bus_data_s.c.o[0m
[13.260s] [ 89%] [32mBuilding C object CMakeFiles/lgsvl_msgs__python.dir/rosidl_generator_py/lgsvl_msgs/msg/_detection2_d_s.c.o[0m
[13.528s] [ 90%] [32mBuilding C object CMakeFiles/lgsvl_msgs__python.dir/rosidl_generator_py/lgsvl_msgs/msg/_detection2_d_array_s.c.o[0m
[13.529s] [ 90%] [32mBuilding C object CMakeFiles/lgsvl_msgs__python.dir/rosidl_generator_py/lgsvl_msgs/msg/_detection3_d_s.c.o[0m
[13.534s] [ 91%] [32mBuilding C object CMakeFiles/lgsvl_msgs__python.dir/rosidl_generator_py/lgsvl_msgs/msg/_signal_s.c.o[0m
[13.535s] [ 92%] [32mBuilding C object CMakeFiles/lgsvl_msgs__python.dir/rosidl_generator_py/lgsvl_msgs/msg/_signal_array_s.c.o[0m
[13.536s] [ 92%] [32mBuilding C object CMakeFiles/lgsvl_msgs__python.dir/rosidl_generator_py/lgsvl_msgs/msg/_ultrasonic_s.c.o[0m
[13.554s] [ 93%] [32mBuilding C object CMakeFiles/lgsvl_msgs__python.dir/rosidl_generator_py/lgsvl_msgs/msg/_detection3_d_array_s.c.o[0m
[13.639s] [ 94%] [32mBuilding C object CMakeFiles/lgsvl_msgs__python.dir/rosidl_generator_py/lgsvl_msgs/msg/_vehicle_control_data_s.c.o[0m
[13.643s] [ 95%] [32mBuilding C object CMakeFiles/lgsvl_msgs__python.dir/rosidl_generator_py/lgsvl_msgs/msg/_vehicle_state_data_s.c.o[0m
[13.648s] [ 95%] [32mBuilding C object CMakeFiles/lgsvl_msgs__python.dir/rosidl_generator_py/lgsvl_msgs/msg/_vehicle_odometry_s.c.o[0m
[13.749s] [ 96%] [32m[1mLinking C shared library rosidl_generator_py/lgsvl_msgs/liblgsvl_msgs__python.so[0m
[13.794s] [ 96%] Built target lgsvl_msgs__python
[13.804s] [35m[1mScanning dependencies of target lgsvl_msgs__rosidl_typesupport_c__pyext[0m
[13.804s] [35m[1mScanning dependencies of target lgsvl_msgs__rosidl_typesupport_fastrtps_c__pyext[0m
[13.804s] [35m[1mScanning dependencies of target lgsvl_msgs__rosidl_typesupport_introspection_c__pyext[0m
[13.849s] [ 97%] [32mBuilding C object CMakeFiles/lgsvl_msgs__rosidl_typesupport_introspection_c__pyext.dir/rosidl_generator_py/lgsvl_msgs/_lgsvl_msgs_s.ep.rosidl_typesupport_introspection_c.c.o[0m
[13.849s] [ 98%] [32mBuilding C object CMakeFiles/lgsvl_msgs__rosidl_typesupport_c__pyext.dir/rosidl_generator_py/lgsvl_msgs/_lgsvl_msgs_s.ep.rosidl_typesupport_c.c.o[0m
[13.852s] [ 99%] [32mBuilding C object CMakeFiles/lgsvl_msgs__rosidl_typesupport_fastrtps_c__pyext.dir/rosidl_generator_py/lgsvl_msgs/_lgsvl_msgs_s.ep.rosidl_typesupport_fastrtps_c.c.o[0m
[13.955s] [ 99%] [32m[1mLinking C shared library rosidl_generator_py/lgsvl_msgs/lgsvl_msgs_s__rosidl_typesupport_c.cpython-38-x86_64-linux-gnu.so[0m
[13.961s] [100%] [32m[1mLinking CXX shared library rosidl_generator_py/lgsvl_msgs/lgsvl_msgs_s__rosidl_typesupport_fastrtps_c.cpython-38-x86_64-linux-gnu.so[0m
[13.961s] [100%] [32m[1mLinking C shared library rosidl_generator_py/lgsvl_msgs/lgsvl_msgs_s__rosidl_typesupport_introspection_c.cpython-38-x86_64-linux-gnu.so[0m
[13.993s] [100%] Built target lgsvl_msgs__rosidl_typesupport_c__pyext
[14.003s] [100%] Built target lgsvl_msgs__rosidl_typesupport_introspection_c__pyext
[14.031s] [100%] Built target lgsvl_msgs__rosidl_typesupport_fastrtps_c__pyext
[14.044s] Invoked command in '/home/acclivis/lgsvl_msgs/build/lgsvl_msgs' returned '0': CMAKE_PREFIX_PATH=${CMAKE_PREFIX_PATH}:/opt/ros/foxy /usr/bin/cmake --build /home/acclivis/lgsvl_msgs/build/lgsvl_msgs -- -j6 -l6
[14.318s] Invoking command in '/home/acclivis/lgsvl_msgs/build/lgsvl_msgs': CMAKE_PREFIX_PATH=${CMAKE_PREFIX_PATH}:/opt/ros/foxy /usr/bin/cmake --install /home/acclivis/lgsvl_msgs/build/lgsvl_msgs
[14.326s] -- Install configuration: ""
[14.326s] -- Installing: /home/acclivis/lgsvl_msgs/install/lgsvl_msgs/share/ament_index/resource_index/rosidl_interfaces/lgsvl_msgs
[14.326s] -- Installing: /home/acclivis/lgsvl_msgs/install/lgsvl_msgs/include/lgsvl_msgs
[14.326s] -- Installing: /home/acclivis/lgsvl_msgs/install/lgsvl_msgs/include/lgsvl_msgs/msg
[14.326s] -- Installing: /home/acclivis/lgsvl_msgs/install/lgsvl_msgs/include/lgsvl_msgs/msg/vehicle_state_data.h
[14.326s] -- Installing: /home/acclivis/lgsvl_msgs/install/lgsvl_msgs/include/lgsvl_msgs/msg/bounding_box3_d.h
[14.327s] -- Installing: /home/acclivis/lgsvl_msgs/install/lgsvl_msgs/include/lgsvl_msgs/msg/can_bus_data.h
[14.327s] -- Installing: /home/acclivis/lgsvl_msgs/install/lgsvl_msgs/include/lgsvl_msgs/msg/detection3_d_array.h
[14.327s] -- Installing: /home/acclivis/lgsvl_msgs/install/lgsvl_msgs/include/lgsvl_msgs/msg/signal_array.h
[14.327s] -- Installing: /home/acclivis/lgsvl_msgs/install/lgsvl_msgs/include/lgsvl_msgs/msg/detected_radar_object.h
[14.327s] -- Installing: /home/acclivis/lgsvl_msgs/install/lgsvl_msgs/include/lgsvl_msgs/msg/signal.h
[14.327s] -- Installing: /home/acclivis/lgsvl_msgs/install/lgsvl_msgs/include/lgsvl_msgs/msg/detection2_d.h
[14.327s] -- Installing: /home/acclivis/lgsvl_msgs/install/lgsvl_msgs/include/lgsvl_msgs/msg/detection2_d_array.h
[14.327s] -- Installing: /home/acclivis/lgsvl_msgs/install/lgsvl_msgs/include/lgsvl_msgs/msg/vehicle_control_data.h
[14.327s] -- Installing: /home/acclivis/lgsvl_msgs/install/lgsvl_msgs/include/lgsvl_msgs/msg/rosidl_generator_c__visibility_control.h
[14.327s] -- Installing: /home/acclivis/lgsvl_msgs/install/lgsvl_msgs/include/lgsvl_msgs/msg/vehicle_odometry.h
[14.327s] -- Installing: /home/acclivis/lgsvl_msgs/install/lgsvl_msgs/include/lgsvl_msgs/msg/bounding_box2_d.h
[14.327s] -- Installing: /home/acclivis/lgsvl_msgs/install/lgsvl_msgs/include/lgsvl_msgs/msg/ultrasonic.h
[14.327s] -- Installing: /home/acclivis/lgsvl_msgs/install/lgsvl_msgs/include/lgsvl_msgs/msg/detected_radar_object_array.h
[14.328s] -- Installing: /home/acclivis/lgsvl_msgs/install/lgsvl_msgs/include/lgsvl_msgs/msg/detection3_d.h
[14.328s] -- Installing: /home/acclivis/lgsvl_msgs/install/lgsvl_msgs/include/lgsvl_msgs/msg/detail
[14.328s] -- Installing: /home/acclivis/lgsvl_msgs/install/lgsvl_msgs/include/lgsvl_msgs/msg/detail/bounding_box3_d__type_support.h
[14.328s] -- Installing: /home/acclivis/lgsvl_msgs/install/lgsvl_msgs/include/lgsvl_msgs/msg/detail/detected_radar_object__type_support.h
[14.328s] -- Installing: /home/acclivis/lgsvl_msgs/install/lgsvl_msgs/include/lgsvl_msgs/msg/detail/detection3_d_array__type_support.h
[14.328s] -- Installing: /home/acclivis/lgsvl_msgs/install/lgsvl_msgs/include/lgsvl_msgs/msg/detail/detection3_d__functions.h
[14.328s] -- Installing: /home/acclivis/lgsvl_msgs/install/lgsvl_msgs/include/lgsvl_msgs/msg/detail/detected_radar_object_array__struct.h
[14.328s] -- Installing: /home/acclivis/lgsvl_msgs/install/lgsvl_msgs/include/lgsvl_msgs/msg/detail/ultrasonic__type_support.h
[14.328s] -- Installing: /home/acclivis/lgsvl_msgs/install/lgsvl_msgs/include/lgsvl_msgs/msg/detail/bounding_box3_d__functions.c
[14.328s] -- Installing: /home/acclivis/lgsvl_msgs/install/lgsvl_msgs/include/lgsvl_msgs/msg/detail/can_bus_data__type_support.h
[14.328s] -- Installing: /home/acclivis/lgsvl_msgs/install/lgsvl_msgs/include/lgsvl_msgs/msg/detail/bounding_box2_d__functions.c
[14.328s] -- Installing: /home/acclivis/lgsvl_msgs/install/lgsvl_msgs/include/lgsvl_msgs/msg/detail/can_bus_data__functions.c
[14.329s] -- Installing: /home/acclivis/lgsvl_msgs/install/lgsvl_msgs/include/lgsvl_msgs/msg/detail/vehicle_control_data__type_support.h
[14.329s] -- Installing: /home/acclivis/lgsvl_msgs/install/lgsvl_msgs/include/lgsvl_msgs/msg/detail/bounding_box3_d__functions.h
[14.329s] -- Installing: /home/acclivis/lgsvl_msgs/install/lgsvl_msgs/include/lgsvl_msgs/msg/detail/detection2_d_array__functions.h
[14.329s] -- Installing: /home/acclivis/lgsvl_msgs/install/lgsvl_msgs/include/lgsvl_msgs/msg/detail/detected_radar_object_array__functions.h
[14.329s] -- Installing: /home/acclivis/lgsvl_msgs/install/lgsvl_msgs/include/lgsvl_msgs/msg/detail/can_bus_data__functions.h
[14.329s] -- Installing: /home/acclivis/lgsvl_msgs/install/lgsvl_msgs/include/lgsvl_msgs/msg/detail/detected_radar_object__functions.c
[14.329s] -- Installing: /home/acclivis/lgsvl_msgs/install/lgsvl_msgs/include/lgsvl_msgs/msg/detail/vehicle_state_data__functions.h
[14.329s] -- Installing: /home/acclivis/lgsvl_msgs/install/lgsvl_msgs/include/lgsvl_msgs/msg/detail/vehicle_state_data__type_support.h
[14.329s] -- Installing: /home/acclivis/lgsvl_msgs/install/lgsvl_msgs/include/lgsvl_msgs/msg/detail/signal_array__type_support.h
[14.329s] -- Installing: /home/acclivis/lgsvl_msgs/install/lgsvl_msgs/include/lgsvl_msgs/msg/detail/signal_array__functions.h
[14.329s] -- Installing: /home/acclivis/lgsvl_msgs/install/lgsvl_msgs/include/lgsvl_msgs/msg/detail/signal__functions.h
[14.329s] -- Installing: /home/acclivis/lgsvl_msgs/install/lgsvl_msgs/include/lgsvl_msgs/msg/detail/ultrasonic__functions.c
[14.329s] -- Installing: /home/acclivis/lgsvl_msgs/install/lgsvl_msgs/include/lgsvl_msgs/msg/detail/detection2_d__functions.h
[14.329s] -- Installing: /home/acclivis/lgsvl_msgs/install/lgsvl_msgs/include/lgsvl_msgs/msg/detail/ultrasonic__struct.h
[14.330s] -- Installing: /home/acclivis/lgsvl_msgs/install/lgsvl_msgs/include/lgsvl_msgs/msg/detail/detection2_d_array__type_support.h
[14.330s] -- Installing: /home/acclivis/lgsvl_msgs/install/lgsvl_msgs/include/lgsvl_msgs/msg/detail/bounding_box2_d__type_support.h
[14.330s] -- Installing: /home/acclivis/lgsvl_msgs/install/lgsvl_msgs/include/lgsvl_msgs/msg/detail/vehicle_odometry__functions.h
[14.330s] -- Installing: /home/acclivis/lgsvl_msgs/install/lgsvl_msgs/include/lgsvl_msgs/msg/detail/detection2_d__functions.c
[14.330s] -- Installing: /home/acclivis/lgsvl_msgs/install/lgsvl_msgs/include/lgsvl_msgs/msg/detail/detection2_d__struct.h
[14.330s] -- Installing: /home/acclivis/lgsvl_msgs/install/lgsvl_msgs/include/lgsvl_msgs/msg/detail/detection3_d__type_support.h
[14.330s] -- Installing: /home/acclivis/lgsvl_msgs/install/lgsvl_msgs/include/lgsvl_msgs/msg/detail/detection3_d__functions.c
[14.330s] -- Installing: /home/acclivis/lgsvl_msgs/install/lgsvl_msgs/include/lgsvl_msgs/msg/detail/detected_radar_object__functions.h
[14.330s] -- Installing: /home/acclivis/lgsvl_msgs/install/lgsvl_msgs/include/lgsvl_msgs/msg/detail/detected_radar_object__struct.h
[14.330s] -- Installing: /home/acclivis/lgsvl_msgs/install/lgsvl_msgs/include/lgsvl_msgs/msg/detail/signal__functions.c
[14.330s] -- Installing: /home/acclivis/lgsvl_msgs/install/lgsvl_msgs/include/lgsvl_msgs/msg/detail/vehicle_state_data__struct.h
[14.330s] -- Installing: /home/acclivis/lgsvl_msgs/install/lgsvl_msgs/include/lgsvl_msgs/msg/detail/signal_array__functions.c
[14.330s] -- Installing: /home/acclivis/lgsvl_msgs/install/lgsvl_msgs/include/lgsvl_msgs/msg/detail/signal_array__struct.h
[14.331s] -- Installing: /home/acclivis/lgsvl_msgs/install/lgsvl_msgs/include/lgsvl_msgs/msg/detail/vehicle_control_data__struct.h
[14.331s] -- Installing: /home/acclivis/lgsvl_msgs/install/lgsvl_msgs/include/lgsvl_msgs/msg/detail/vehicle_odometry__functions.c
[14.331s] -- Installing: /home/acclivis/lgsvl_msgs/install/lgsvl_msgs/include/lgsvl_msgs/msg/detail/detected_radar_object_array__type_support.h
[14.331s] -- Installing: /home/acclivis/lgsvl_msgs/install/lgsvl_msgs/include/lgsvl_msgs/msg/detail/bounding_box3_d__struct.h
[14.331s] -- Installing: /home/acclivis/lgsvl_msgs/install/lgsvl_msgs/include/lgsvl_msgs/msg/detail/vehicle_control_data__functions.h
[14.331s] -- Installing: /home/acclivis/lgsvl_msgs/install/lgsvl_msgs/include/lgsvl_msgs/msg/detail/vehicle_state_data__functions.c
[14.331s] -- Installing: /home/acclivis/lgsvl_msgs/install/lgsvl_msgs/include/lgsvl_msgs/msg/detail/signal__type_support.h
[14.331s] -- Installing: /home/acclivis/lgsvl_msgs/install/lgsvl_msgs/include/lgsvl_msgs/msg/detail/vehicle_control_data__functions.c
[14.331s] -- Installing: /home/acclivis/lgsvl_msgs/install/lgsvl_msgs/include/lgsvl_msgs/msg/detail/detection3_d__struct.h
[14.331s] -- Installing: /home/acclivis/lgsvl_msgs/install/lgsvl_msgs/include/lgsvl_msgs/msg/detail/bounding_box2_d__functions.h
[14.331s] -- Installing: /home/acclivis/lgsvl_msgs/install/lgsvl_msgs/include/lgsvl_msgs/msg/detail/detection2_d_array__functions.c
[14.331s] -- Installing: /home/acclivis/lgsvl_msgs/install/lgsvl_msgs/include/lgsvl_msgs/msg/detail/detected_radar_object_array__functions.c
[14.331s] -- Installing: /home/acclivis/lgsvl_msgs/install/lgsvl_msgs/include/lgsvl_msgs/msg/detail/detection2_d__type_support.h
[14.331s] -- Installing: /home/acclivis/lgsvl_msgs/install/lgsvl_msgs/include/lgsvl_msgs/msg/detail/ultrasonic__functions.h
[14.332s] -- Installing: /home/acclivis/lgsvl_msgs/install/lgsvl_msgs/include/lgsvl_msgs/msg/detail/detection3_d_array__struct.h
[14.332s] -- Installing: /home/acclivis/lgsvl_msgs/install/lgsvl_msgs/include/lgsvl_msgs/msg/detail/vehicle_odometry__struct.h
[14.332s] -- Installing: /home/acclivis/lgsvl_msgs/install/lgsvl_msgs/include/lgsvl_msgs/msg/detail/detection3_d_array__functions.c
[14.332s] -- Installing: /home/acclivis/lgsvl_msgs/install/lgsvl_msgs/include/lgsvl_msgs/msg/detail/vehicle_odometry__type_support.h
[14.332s] -- Installing: /home/acclivis/lgsvl_msgs/install/lgsvl_msgs/include/lgsvl_msgs/msg/detail/detection3_d_array__functions.h
[14.332s] -- Installing: /home/acclivis/lgsvl_msgs/install/lgsvl_msgs/include/lgsvl_msgs/msg/detail/bounding_box2_d__struct.h
[14.332s] -- Installing: /home/acclivis/lgsvl_msgs/install/lgsvl_msgs/include/lgsvl_msgs/msg/detail/detection2_d_array__struct.h
[14.332s] -- Installing: /home/acclivis/lgsvl_msgs/install/lgsvl_msgs/include/lgsvl_msgs/msg/detail/signal__struct.h
[14.332s] -- Installing: /home/acclivis/lgsvl_msgs/install/lgsvl_msgs/include/lgsvl_msgs/msg/detail/can_bus_data__struct.h
[14.332s] -- Installing: /home/acclivis/lgsvl_msgs/install/lgsvl_msgs/share/lgsvl_msgs/environment/library_path.sh
[14.332s] -- Installing: /home/acclivis/lgsvl_msgs/install/lgsvl_msgs/share/lgsvl_msgs/environment/library_path.dsv
[14.332s] -- Installing: /home/acclivis/lgsvl_msgs/install/lgsvl_msgs/lib/liblgsvl_msgs__rosidl_generator_c.so
[14.333s] -- Set runtime path of "/home/acclivis/lgsvl_msgs/install/lgsvl_msgs/lib/liblgsvl_msgs__rosidl_generator_c.so" to ""
[14.333s] -- Up-to-date: /home/acclivis/lgsvl_msgs/install/lgsvl_msgs/include/lgsvl_msgs
[14.333s] -- Up-to-date: /home/acclivis/lgsvl_msgs/install/lgsvl_msgs/include/lgsvl_msgs/msg
[14.333s] -- Installing: /home/acclivis/lgsvl_msgs/install/lgsvl_msgs/include/lgsvl_msgs/msg/rosidl_typesupport_fastrtps_c__visibility_control.h
[14.333s] -- Up-to-date: /home/acclivis/lgsvl_msgs/install/lgsvl_msgs/include/lgsvl_msgs/msg/detail
[14.333s] -- Installing: /home/acclivis/lgsvl_msgs/install/lgsvl_msgs/include/lgsvl_msgs/msg/detail/signal_array__rosidl_typesupport_fastrtps_c.h
[14.333s] -- Installing: /home/acclivis/lgsvl_msgs/install/lgsvl_msgs/include/lgsvl_msgs/msg/detail/detection2_d__rosidl_typesupport_fastrtps_c.h
[14.333s] -- Installing: /home/acclivis/lgsvl_msgs/install/lgsvl_msgs/include/lgsvl_msgs/msg/detail/detection2_d_array__rosidl_typesupport_fastrtps_c.h
[14.333s] -- Installing: /home/acclivis/lgsvl_msgs/install/lgsvl_msgs/include/lgsvl_msgs/msg/detail/vehicle_odometry__rosidl_typesupport_fastrtps_c.h
[14.333s] -- Installing: /home/acclivis/lgsvl_msgs/install/lgsvl_msgs/include/lgsvl_msgs/msg/detail/bounding_box2_d__rosidl_typesupport_fastrtps_c.h
[14.333s] -- Installing: /home/acclivis/lgsvl_msgs/install/lgsvl_msgs/include/lgsvl_msgs/msg/detail/detected_radar_object__rosidl_typesupport_fastrtps_c.h
[14.333s] -- Installing: /home/acclivis/lgsvl_msgs/install/lgsvl_msgs/include/lgsvl_msgs/msg/detail/signal__rosidl_typesupport_fastrtps_c.h
[14.333s] -- Installing: /home/acclivis/lgsvl_msgs/install/lgsvl_msgs/include/lgsvl_msgs/msg/detail/detected_radar_object_array__rosidl_typesupport_fastrtps_c.h
[14.334s] -- Installing: /home/acclivis/lgsvl_msgs/install/lgsvl_msgs/include/lgsvl_msgs/msg/detail/vehicle_control_data__rosidl_typesupport_fastrtps_c.h
[14.334s] -- Installing: /home/acclivis/lgsvl_msgs/install/lgsvl_msgs/include/lgsvl_msgs/msg/detail/detection3_d_array__rosidl_typesupport_fastrtps_c.h
[14.334s] -- Installing: /home/acclivis/lgsvl_msgs/install/lgsvl_msgs/include/lgsvl_msgs/msg/detail/can_bus_data__rosidl_typesupport_fastrtps_c.h
[14.334s] -- Installing: /home/acclivis/lgsvl_msgs/install/lgsvl_msgs/include/lgsvl_msgs/msg/detail/detection3_d__rosidl_typesupport_fastrtps_c.h
[14.334s] -- Installing: /home/acclivis/lgsvl_msgs/install/lgsvl_msgs/include/lgsvl_msgs/msg/detail/bounding_box3_d__rosidl_typesupport_fastrtps_c.h
[14.334s] -- Installing: /home/acclivis/lgsvl_msgs/install/lgsvl_msgs/include/lgsvl_msgs/msg/detail/ultrasonic__rosidl_typesupport_fastrtps_c.h
[14.334s] -- Installing: /home/acclivis/lgsvl_msgs/install/lgsvl_msgs/include/lgsvl_msgs/msg/detail/vehicle_state_data__rosidl_typesupport_fastrtps_c.h
[14.334s] -- Installing: /home/acclivis/lgsvl_msgs/install/lgsvl_msgs/lib/liblgsvl_msgs__rosidl_typesupport_fastrtps_c.so
[14.335s] -- Set runtime path of "/home/acclivis/lgsvl_msgs/install/lgsvl_msgs/lib/liblgsvl_msgs__rosidl_typesupport_fastrtps_c.so" to ""
[14.335s] -- Up-to-date: /home/acclivis/lgsvl_msgs/install/lgsvl_msgs/include/lgsvl_msgs
[14.335s] -- Up-to-date: /home/acclivis/lgsvl_msgs/install/lgsvl_msgs/include/lgsvl_msgs/msg
[14.335s] -- Installing: /home/acclivis/lgsvl_msgs/install/lgsvl_msgs/include/lgsvl_msgs/msg/rosidl_typesupport_fastrtps_cpp__visibility_control.h
[14.335s] -- Up-to-date: /home/acclivis/lgsvl_msgs/install/lgsvl_msgs/include/lgsvl_msgs/msg/detail
[14.335s] -- Installing: /home/acclivis/lgsvl_msgs/install/lgsvl_msgs/include/lgsvl_msgs/msg/detail/signal_array__rosidl_typesupport_fastrtps_cpp.hpp
[14.335s] -- Installing: /home/acclivis/lgsvl_msgs/install/lgsvl_msgs/include/lgsvl_msgs/msg/detail/vehicle_odometry__rosidl_typesupport_fastrtps_cpp.hpp
[14.335s] -- Installing: /home/acclivis/lgsvl_msgs/install/lgsvl_msgs/include/lgsvl_msgs/msg/detail/detection2_d_array__rosidl_typesupport_fastrtps_cpp.hpp
[14.335s] -- Installing: /home/acclivis/lgsvl_msgs/install/lgsvl_msgs/include/lgsvl_msgs/msg/detail/dds_fastrtps
[14.335s] -- Installing: /home/acclivis/lgsvl_msgs/install/lgsvl_msgs/include/lgsvl_msgs/msg/detail/vehicle_state_data__rosidl_typesupport_fastrtps_cpp.hpp
[14.335s] -- Installing: /home/acclivis/lgsvl_msgs/install/lgsvl_msgs/include/lgsvl_msgs/msg/detail/detection2_d__rosidl_typesupport_fastrtps_cpp.hpp
[14.336s] -- Installing: /home/acclivis/lgsvl_msgs/install/lgsvl_msgs/include/lgsvl_msgs/msg/detail/detection3_d_array__rosidl_typesupport_fastrtps_cpp.hpp
[14.336s] -- Installing: /home/acclivis/lgsvl_msgs/install/lgsvl_msgs/include/lgsvl_msgs/msg/detail/bounding_box2_d__rosidl_typesupport_fastrtps_cpp.hpp
[14.336s] -- Installing: /home/acclivis/lgsvl_msgs/install/lgsvl_msgs/include/lgsvl_msgs/msg/detail/signal__rosidl_typesupport_fastrtps_cpp.hpp
[14.336s] -- Installing: /home/acclivis/lgsvl_msgs/install/lgsvl_msgs/include/lgsvl_msgs/msg/detail/vehicle_control_data__rosidl_typesupport_fastrtps_cpp.hpp
[14.336s] -- Installing: /home/acclivis/lgsvl_msgs/install/lgsvl_msgs/include/lgsvl_msgs/msg/detail/ultrasonic__rosidl_typesupport_fastrtps_cpp.hpp
[14.336s] -- Installing: /home/acclivis/lgsvl_msgs/install/lgsvl_msgs/include/lgsvl_msgs/msg/detail/detected_radar_object__rosidl_typesupport_fastrtps_cpp.hpp
[14.336s] -- Installing: /home/acclivis/lgsvl_msgs/install/lgsvl_msgs/include/lgsvl_msgs/msg/detail/bounding_box3_d__rosidl_typesupport_fastrtps_cpp.hpp
[14.336s] -- Installing: /home/acclivis/lgsvl_msgs/install/lgsvl_msgs/include/lgsvl_msgs/msg/detail/detected_radar_object_array__rosidl_typesupport_fastrtps_cpp.hpp
[14.336s] -- Installing: /home/acclivis/lgsvl_msgs/install/lgsvl_msgs/include/lgsvl_msgs/msg/detail/can_bus_data__rosidl_typesupport_fastrtps_cpp.hpp
[14.336s] -- Installing: /home/acclivis/lgsvl_msgs/install/lgsvl_msgs/include/lgsvl_msgs/msg/detail/detection3_d__rosidl_typesupport_fastrtps_cpp.hpp
[14.336s] -- Installing: /home/acclivis/lgsvl_msgs/install/lgsvl_msgs/lib/liblgsvl_msgs__rosidl_typesupport_fastrtps_cpp.so
[14.337s] -- Set runtime path of "/home/acclivis/lgsvl_msgs/install/lgsvl_msgs/lib/liblgsvl_msgs__rosidl_typesupport_fastrtps_cpp.so" to ""
[14.337s] -- Up-to-date: /home/acclivis/lgsvl_msgs/install/lgsvl_msgs/include/lgsvl_msgs
[14.337s] -- Up-to-date: /home/acclivis/lgsvl_msgs/install/lgsvl_msgs/include/lgsvl_msgs/msg
[14.337s] -- Installing: /home/acclivis/lgsvl_msgs/install/lgsvl_msgs/include/lgsvl_msgs/msg/rosidl_typesupport_introspection_c__visibility_control.h
[14.337s] -- Up-to-date: /home/acclivis/lgsvl_msgs/install/lgsvl_msgs/include/lgsvl_msgs/msg/detail
[14.337s] -- Installing: /home/acclivis/lgsvl_msgs/install/lgsvl_msgs/include/lgsvl_msgs/msg/detail/signal__rosidl_typesupport_introspection_c.h
[14.337s] -- Installing: /home/acclivis/lgsvl_msgs/install/lgsvl_msgs/include/lgsvl_msgs/msg/detail/detection3_d_array__type_support.c
[14.337s] -- Installing: /home/acclivis/lgsvl_msgs/install/lgsvl_msgs/include/lgsvl_msgs/msg/detail/signal_array__type_support.c
[14.337s] -- Installing: /home/acclivis/lgsvl_msgs/install/lgsvl_msgs/include/lgsvl_msgs/msg/detail/ultrasonic__rosidl_typesupport_introspection_c.h
[14.337s] -- Installing: /home/acclivis/lgsvl_msgs/install/lgsvl_msgs/include/lgsvl_msgs/msg/detail/vehicle_control_data__type_support.c
[14.337s] -- Installing: /home/acclivis/lgsvl_msgs/install/lgsvl_msgs/include/lgsvl_msgs/msg/detail/bounding_box3_d__type_support.c
[14.337s] -- Installing: /home/acclivis/lgsvl_msgs/install/lgsvl_msgs/include/lgsvl_msgs/msg/detail/detection2_d__type_support.c
[14.338s] -- Installing: /home/acclivis/lgsvl_msgs/install/lgsvl_msgs/include/lgsvl_msgs/msg/detail/bounding_box2_d__rosidl_typesupport_introspection_c.h
[14.338s] -- Installing: /home/acclivis/lgsvl_msgs/install/lgsvl_msgs/include/lgsvl_msgs/msg/detail/can_bus_data__rosidl_typesupport_introspection_c.h
[14.338s] -- Installing: /home/acclivis/lgsvl_msgs/install/lgsvl_msgs/include/lgsvl_msgs/msg/detail/vehicle_state_data__rosidl_typesupport_introspection_c.h
[14.338s] -- Installing: /home/acclivis/lgsvl_msgs/install/lgsvl_msgs/include/lgsvl_msgs/msg/detail/detection3_d__type_support.c
[14.338s] -- Installing: /home/acclivis/lgsvl_msgs/install/lgsvl_msgs/include/lgsvl_msgs/msg/detail/vehicle_control_data__rosidl_typesupport_introspection_c.h
[14.338s] -- Installing: /home/acclivis/lgsvl_msgs/install/lgsvl_msgs/include/lgsvl_msgs/msg/detail/detected_radar_object__rosidl_typesupport_introspection_c.h
[14.338s] -- Installing: /home/acclivis/lgsvl_msgs/install/lgsvl_msgs/include/lgsvl_msgs/msg/detail/vehicle_odometry__type_support.c
[14.338s] -- Installing: /home/acclivis/lgsvl_msgs/install/lgsvl_msgs/include/lgsvl_msgs/msg/detail/ultrasonic__type_support.c
[14.338s] -- Installing: /home/acclivis/lgsvl_msgs/install/lgsvl_msgs/include/lgsvl_msgs/msg/detail/vehicle_odometry__rosidl_typesupport_introspection_c.h
[14.338s] -- Installing: /home/acclivis/lgsvl_msgs/install/lgsvl_msgs/include/lgsvl_msgs/msg/detail/bounding_box3_d__rosidl_typesupport_introspection_c.h
[14.338s] -- Installing: /home/acclivis/lgsvl_msgs/install/lgsvl_msgs/include/lgsvl_msgs/msg/detail/detection2_d_array__rosidl_typesupport_introspection_c.h
[14.339s] -- Installing: /home/acclivis/lgsvl_msgs/install/lgsvl_msgs/include/lgsvl_msgs/msg/detail/signal__type_support.c
[14.339s] -- Installing: /home/acclivis/lgsvl_msgs/install/lgsvl_msgs/include/lgsvl_msgs/msg/detail/detected_radar_object_array__type_support.c
[14.339s] -- Installing: /home/acclivis/lgsvl_msgs/install/lgsvl_msgs/include/lgsvl_msgs/msg/detail/bounding_box2_d__type_support.c
[14.339s] -- Installing: /home/acclivis/lgsvl_msgs/install/lgsvl_msgs/include/lgsvl_msgs/msg/detail/detection2_d_array__type_support.c
[14.339s] -- Installing: /home/acclivis/lgsvl_msgs/install/lgsvl_msgs/include/lgsvl_msgs/msg/detail/signal_array__rosidl_typesupport_introspection_c.h
[14.339s] -- Installing: /home/acclivis/lgsvl_msgs/install/lgsvl_msgs/include/lgsvl_msgs/msg/detail/detection3_d__rosidl_typesupport_introspection_c.h
[14.339s] -- Installing: /home/acclivis/lgsvl_msgs/install/lgsvl_msgs/include/lgsvl_msgs/msg/detail/detection2_d__rosidl_typesupport_introspection_c.h
[14.339s] -- Installing: /home/acclivis/lgsvl_msgs/install/lgsvl_msgs/include/lgsvl_msgs/msg/detail/detected_radar_object_array__rosidl_typesupport_introspection_c.h
[14.339s] -- Installing: /home/acclivis/lgsvl_msgs/install/lgsvl_msgs/include/lgsvl_msgs/msg/detail/detection3_d_array__rosidl_typesupport_introspection_c.h
[14.339s] -- Installing: /home/acclivis/lgsvl_msgs/install/lgsvl_msgs/include/lgsvl_msgs/msg/detail/detected_radar_object__type_support.c
[14.339s] -- Installing: /home/acclivis/lgsvl_msgs/install/lgsvl_msgs/include/lgsvl_msgs/msg/detail/vehicle_state_data__type_support.c
[14.339s] -- Installing: /home/acclivis/lgsvl_msgs/install/lgsvl_msgs/include/lgsvl_msgs/msg/detail/can_bus_data__type_support.c
[14.340s] -- Installing: /home/acclivis/lgsvl_msgs/install/lgsvl_msgs/lib/liblgsvl_msgs__rosidl_typesupport_introspection_c.so
[14.340s] -- Set runtime path of "/home/acclivis/lgsvl_msgs/install/lgsvl_msgs/lib/liblgsvl_msgs__rosidl_typesupport_introspection_c.so" to ""
[14.340s] -- Installing: /home/acclivis/lgsvl_msgs/install/lgsvl_msgs/lib/liblgsvl_msgs__rosidl_typesupport_c.so
[14.340s] -- Set runtime path of "/home/acclivis/lgsvl_msgs/install/lgsvl_msgs/lib/liblgsvl_msgs__rosidl_typesupport_c.so" to ""
[14.340s] -- Up-to-date: /home/acclivis/lgsvl_msgs/install/lgsvl_msgs/include/lgsvl_msgs
[14.341s] -- Up-to-date: /home/acclivis/lgsvl_msgs/install/lgsvl_msgs/include/lgsvl_msgs/msg
[14.341s] -- Installing: /home/acclivis/lgsvl_msgs/install/lgsvl_msgs/include/lgsvl_msgs/msg/detection3_d.hpp
[14.341s] -- Installing: /home/acclivis/lgsvl_msgs/install/lgsvl_msgs/include/lgsvl_msgs/msg/ultrasonic.hpp
[14.341s] -- Installing: /home/acclivis/lgsvl_msgs/install/lgsvl_msgs/include/lgsvl_msgs/msg/signal.hpp
[14.341s] -- Installing: /home/acclivis/lgsvl_msgs/install/lgsvl_msgs/include/lgsvl_msgs/msg/vehicle_control_data.hpp
[14.341s] -- Installing: /home/acclivis/lgsvl_msgs/install/lgsvl_msgs/include/lgsvl_msgs/msg/vehicle_state_data.hpp
[14.341s] -- Installing: /home/acclivis/lgsvl_msgs/install/lgsvl_msgs/include/lgsvl_msgs/msg/detected_radar_object.hpp
[14.341s] -- Installing: /home/acclivis/lgsvl_msgs/install/lgsvl_msgs/include/lgsvl_msgs/msg/vehicle_odometry.hpp
[14.341s] -- Installing: /home/acclivis/lgsvl_msgs/install/lgsvl_msgs/include/lgsvl_msgs/msg/detection2_d_array.hpp
[14.341s] -- Installing: /home/acclivis/lgsvl_msgs/install/lgsvl_msgs/include/lgsvl_msgs/msg/bounding_box2_d.hpp
[14.341s] -- Installing: /home/acclivis/lgsvl_msgs/install/lgsvl_msgs/include/lgsvl_msgs/msg/can_bus_data.hpp
[14.341s] -- Installing: /home/acclivis/lgsvl_msgs/install/lgsvl_msgs/include/lgsvl_msgs/msg/detected_radar_object_array.hpp
[14.341s] -- Installing: /home/acclivis/lgsvl_msgs/install/lgsvl_msgs/include/lgsvl_msgs/msg/detection2_d.hpp
[14.341s] -- Installing: /home/acclivis/lgsvl_msgs/install/lgsvl_msgs/include/lgsvl_msgs/msg/bounding_box3_d.hpp
[14.342s] -- Up-to-date: /home/acclivis/lgsvl_msgs/install/lgsvl_msgs/include/lgsvl_msgs/msg/detail
[14.342s] -- Installing: /home/acclivis/lgsvl_msgs/install/lgsvl_msgs/include/lgsvl_msgs/msg/detail/vehicle_odometry__struct.hpp
[14.342s] -- Installing: /home/acclivis/lgsvl_msgs/install/lgsvl_msgs/include/lgsvl_msgs/msg/detail/signal__struct.hpp
[14.342s] -- Installing: /home/acclivis/lgsvl_msgs/install/lgsvl_msgs/include/lgsvl_msgs/msg/detail/can_bus_data__struct.hpp
[14.342s] -- Installing: /home/acclivis/lgsvl_msgs/install/lgsvl_msgs/include/lgsvl_msgs/msg/detail/detected_radar_object__struct.hpp
[14.342s] -- Installing: /home/acclivis/lgsvl_msgs/install/lgsvl_msgs/include/lgsvl_msgs/msg/detail/detection3_d__traits.hpp
[14.342s] -- Installing: /home/acclivis/lgsvl_msgs/install/lgsvl_msgs/include/lgsvl_msgs/msg/detail/ultrasonic__traits.hpp
[14.342s] -- Installing: /home/acclivis/lgsvl_msgs/install/lgsvl_msgs/include/lgsvl_msgs/msg/detail/detection2_d__builder.hpp
[14.342s] -- Installing: /home/acclivis/lgsvl_msgs/install/lgsvl_msgs/include/lgsvl_msgs/msg/detail/vehicle_odometry__builder.hpp
[14.342s] -- Installing: /home/acclivis/lgsvl_msgs/install/lgsvl_msgs/include/lgsvl_msgs/msg/detail/detected_radar_object_array__traits.hpp
[14.342s] -- Installing: /home/acclivis/lgsvl_msgs/install/lgsvl_msgs/include/lgsvl_msgs/msg/detail/detection3_d_array__struct.hpp
[14.342s] -- Installing: /home/acclivis/lgsvl_msgs/install/lgsvl_msgs/include/lgsvl_msgs/msg/detail/can_bus_data__builder.hpp
[14.342s] -- Installing: /home/acclivis/lgsvl_msgs/install/lgsvl_msgs/include/lgsvl_msgs/msg/detail/vehicle_control_data__traits.hpp
[14.343s] -- Installing: /home/acclivis/lgsvl_msgs/install/lgsvl_msgs/include/lgsvl_msgs/msg/detail/detection2_d_array__struct.hpp
[14.343s] -- Installing: /home/acclivis/lgsvl_msgs/install/lgsvl_msgs/include/lgsvl_msgs/msg/detail/detected_radar_object__builder.hpp
[14.343s] -- Installing: /home/acclivis/lgsvl_msgs/install/lgsvl_msgs/include/lgsvl_msgs/msg/detail/detection2_d_array__traits.hpp
[14.343s] -- Installing: /home/acclivis/lgsvl_msgs/install/lgsvl_msgs/include/lgsvl_msgs/msg/detail/detection3_d_array__traits.hpp
[14.343s] -- Installing: /home/acclivis/lgsvl_msgs/install/lgsvl_msgs/include/lgsvl_msgs/msg/detail/ultrasonic__builder.hpp
[14.343s] -- Installing: /home/acclivis/lgsvl_msgs/install/lgsvl_msgs/include/lgsvl_msgs/msg/detail/can_bus_data__traits.hpp
[14.343s] -- Installing: /home/acclivis/lgsvl_msgs/install/lgsvl_msgs/include/lgsvl_msgs/msg/detail/bounding_box3_d__traits.hpp
[14.343s] -- Installing: /home/acclivis/lgsvl_msgs/install/lgsvl_msgs/include/lgsvl_msgs/msg/detail/detection3_d__struct.hpp
[14.343s] -- Installing: /home/acclivis/lgsvl_msgs/install/lgsvl_msgs/include/lgsvl_msgs/msg/detail/vehicle_odometry__traits.hpp
[14.343s] -- Installing: /home/acclivis/lgsvl_msgs/install/lgsvl_msgs/include/lgsvl_msgs/msg/detail/vehicle_state_data__traits.hpp
[14.343s] -- Installing: /home/acclivis/lgsvl_msgs/install/lgsvl_msgs/include/lgsvl_msgs/msg/detail/detection3_d_array__builder.hpp
[14.343s] -- Installing: /home/acclivis/lgsvl_msgs/install/lgsvl_msgs/include/lgsvl_msgs/msg/detail/signal__traits.hpp
[14.344s] -- Installing: /home/acclivis/lgsvl_msgs/install/lgsvl_msgs/include/lgsvl_msgs/msg/detail/detection2_d__traits.hpp
[14.344s] -- Installing: /home/acclivis/lgsvl_msgs/install/lgsvl_msgs/include/lgsvl_msgs/msg/detail/signal_array__traits.hpp
[14.344s] -- Installing: /home/acclivis/lgsvl_msgs/install/lgsvl_msgs/include/lgsvl_msgs/msg/detail/vehicle_control_data__struct.hpp
[14.344s] -- Installing: /home/acclivis/lgsvl_msgs/install/lgsvl_msgs/include/lgsvl_msgs/msg/detail/signal_array__struct.hpp
[14.344s] -- Installing: /home/acclivis/lgsvl_msgs/install/lgsvl_msgs/include/lgsvl_msgs/msg/detail/bounding_box2_d__builder.hpp
[14.344s] -- Installing: /home/acclivis/lgsvl_msgs/install/lgsvl_msgs/include/lgsvl_msgs/msg/detail/detection3_d__builder.hpp
[14.344s] -- Installing: /home/acclivis/lgsvl_msgs/install/lgsvl_msgs/include/lgsvl_msgs/msg/detail/bounding_box3_d__builder.hpp
[14.344s] -- Installing: /home/acclivis/lgsvl_msgs/install/lgsvl_msgs/include/lgsvl_msgs/msg/detail/ultrasonic__struct.hpp
[14.344s] -- Installing: /home/acclivis/lgsvl_msgs/install/lgsvl_msgs/include/lgsvl_msgs/msg/detail/detection2_d_array__builder.hpp
[14.344s] -- Installing: /home/acclivis/lgsvl_msgs/install/lgsvl_msgs/include/lgsvl_msgs/msg/detail/vehicle_state_data__struct.hpp
[14.344s] -- Installing: /home/acclivis/lgsvl_msgs/install/lgsvl_msgs/include/lgsvl_msgs/msg/detail/signal_array__builder.hpp
[14.344s] -- Installing: /home/acclivis/lgsvl_msgs/install/lgsvl_msgs/include/lgsvl_msgs/msg/detail/detected_radar_object_array__builder.hpp
[14.344s] -- Installing: /home/acclivis/lgsvl_msgs/install/lgsvl_msgs/include/lgsvl_msgs/msg/detail/detected_radar_object_array__struct.hpp
[14.345s] -- Installing: /home/acclivis/lgsvl_msgs/install/lgsvl_msgs/include/lgsvl_msgs/msg/detail/detected_radar_object__traits.hpp
[14.345s] -- Installing: /home/acclivis/lgsvl_msgs/install/lgsvl_msgs/include/lgsvl_msgs/msg/detail/signal__builder.hpp
[14.345s] -- Installing: /home/acclivis/lgsvl_msgs/install/lgsvl_msgs/include/lgsvl_msgs/msg/detail/detection2_d__struct.hpp
[14.345s] -- Installing: /home/acclivis/lgsvl_msgs/install/lgsvl_msgs/include/lgsvl_msgs/msg/detail/bounding_box2_d__struct.hpp
[14.345s] -- Installing: /home/acclivis/lgsvl_msgs/install/lgsvl_msgs/include/lgsvl_msgs/msg/detail/bounding_box3_d__struct.hpp
[14.345s] -- Installing: /home/acclivis/lgsvl_msgs/install/lgsvl_msgs/include/lgsvl_msgs/msg/detail/vehicle_control_data__builder.hpp
[14.345s] -- Installing: /home/acclivis/lgsvl_msgs/install/lgsvl_msgs/include/lgsvl_msgs/msg/detail/vehicle_state_data__builder.hpp
[14.345s] -- Installing: /home/acclivis/lgsvl_msgs/install/lgsvl_msgs/include/lgsvl_msgs/msg/detail/bounding_box2_d__traits.hpp
[14.345s] -- Installing: /home/acclivis/lgsvl_msgs/install/lgsvl_msgs/include/lgsvl_msgs/msg/signal_array.hpp
[14.345s] -- Installing: /home/acclivis/lgsvl_msgs/install/lgsvl_msgs/include/lgsvl_msgs/msg/detection3_d_array.hpp
[14.345s] -- Up-to-date: /home/acclivis/lgsvl_msgs/install/lgsvl_msgs/include/lgsvl_msgs
[14.345s] -- Up-to-date: /home/acclivis/lgsvl_msgs/install/lgsvl_msgs/include/lgsvl_msgs/msg
[14.346s] -- Up-to-date: /home/acclivis/lgsvl_msgs/install/lgsvl_msgs/include/lgsvl_msgs/msg/detail
[14.346s] -- Installing: /home/acclivis/lgsvl_msgs/install/lgsvl_msgs/include/lgsvl_msgs/msg/detail/vehicle_odometry__rosidl_typesupport_introspection_cpp.hpp
[14.346s] -- Installing: /home/acclivis/lgsvl_msgs/install/lgsvl_msgs/include/lgsvl_msgs/msg/detail/detection2_d__type_support.cpp
[14.346s] -- Installing: /home/acclivis/lgsvl_msgs/install/lgsvl_msgs/include/lgsvl_msgs/msg/detail/detection2_d_array__rosidl_typesupport_introspection_cpp.hpp
[14.346s] -- Installing: /home/acclivis/lgsvl_msgs/install/lgsvl_msgs/include/lgsvl_msgs/msg/detail/signal_array__type_support.cpp
[14.346s] -- Installing: /home/acclivis/lgsvl_msgs/install/lgsvl_msgs/include/lgsvl_msgs/msg/detail/detected_radar_object_array__type_support.cpp
[14.346s] -- Installing: /home/acclivis/lgsvl_msgs/install/lgsvl_msgs/include/lgsvl_msgs/msg/detail/bounding_box2_d__type_support.cpp
[14.346s] -- Installing: /home/acclivis/lgsvl_msgs/install/lgsvl_msgs/include/lgsvl_msgs/msg/detail/detected_radar_object__rosidl_typesupport_introspection_cpp.hpp
[14.346s] -- Installing: /home/acclivis/lgsvl_msgs/install/lgsvl_msgs/include/lgsvl_msgs/msg/detail/signal__rosidl_typesupport_introspection_cpp.hpp
[14.346s] -- Installing: /home/acclivis/lgsvl_msgs/install/lgsvl_msgs/include/lgsvl_msgs/msg/detail/can_bus_data__type_support.cpp
[14.347s] -- Installing: /home/acclivis/lgsvl_msgs/install/lgsvl_msgs/include/lgsvl_msgs/msg/detail/detected_radar_object__type_support.cpp
[14.347s] -- Installing: /home/acclivis/lgsvl_msgs/install/lgsvl_msgs/include/lgsvl_msgs/msg/detail/signal__type_support.cpp
[14.347s] -- Installing: /home/acclivis/lgsvl_msgs/install/lgsvl_msgs/include/lgsvl_msgs/msg/detail/detection3_d__type_support.cpp
[14.347s] -- Installing: /home/acclivis/lgsvl_msgs/install/lgsvl_msgs/include/lgsvl_msgs/msg/detail/detection3_d__rosidl_typesupport_introspection_cpp.hpp
[14.347s] -- Installing: /home/acclivis/lgsvl_msgs/install/lgsvl_msgs/include/lgsvl_msgs/msg/detail/vehicle_odometry__type_support.cpp
[14.347s] -- Installing: /home/acclivis/lgsvl_msgs/install/lgsvl_msgs/include/lgsvl_msgs/msg/detail/detection2_d__rosidl_typesupport_introspection_cpp.hpp
[14.347s] -- Installing: /home/acclivis/lgsvl_msgs/install/lgsvl_msgs/include/lgsvl_msgs/msg/detail/detected_radar_object_array__rosidl_typesupport_introspection_cpp.hpp
[14.347s] -- Installing: /home/acclivis/lgsvl_msgs/install/lgsvl_msgs/include/lgsvl_msgs/msg/detail/vehicle_control_data__type_support.cpp
[14.347s] -- Installing: /home/acclivis/lgsvl_msgs/install/lgsvl_msgs/include/lgsvl_msgs/msg/detail/vehicle_state_data__rosidl_typesupport_introspection_cpp.hpp
[14.347s] -- Installing: /home/acclivis/lgsvl_msgs/install/lgsvl_msgs/include/lgsvl_msgs/msg/detail/ultrasonic__type_support.cpp
[14.347s] -- Installing: /home/acclivis/lgsvl_msgs/install/lgsvl_msgs/include/lgsvl_msgs/msg/detail/detection3_d_array__type_support.cpp
[14.347s] -- Installing: /home/acclivis/lgsvl_msgs/install/lgsvl_msgs/include/lgsvl_msgs/msg/detail/detection2_d_array__type_support.cpp
[14.347s] -- Installing: /home/acclivis/lgsvl_msgs/install/lgsvl_msgs/include/lgsvl_msgs/msg/detail/ultrasonic__rosidl_typesupport_introspection_cpp.hpp
[14.348s] -- Installing: /home/acclivis/lgsvl_msgs/install/lgsvl_msgs/include/lgsvl_msgs/msg/detail/detection3_d_array__rosidl_typesupport_introspection_cpp.hpp
[14.348s] -- Installing: /home/acclivis/lgsvl_msgs/install/lgsvl_msgs/include/lgsvl_msgs/msg/detail/vehicle_control_data__rosidl_typesupport_introspection_cpp.hpp
[14.348s] -- Installing: /home/acclivis/lgsvl_msgs/install/lgsvl_msgs/include/lgsvl_msgs/msg/detail/signal_array__rosidl_typesupport_introspection_cpp.hpp
[14.348s] -- Installing: /home/acclivis/lgsvl_msgs/install/lgsvl_msgs/include/lgsvl_msgs/msg/detail/vehicle_state_data__type_support.cpp
[14.348s] -- Installing: /home/acclivis/lgsvl_msgs/install/lgsvl_msgs/include/lgsvl_msgs/msg/detail/can_bus_data__rosidl_typesupport_introspection_cpp.hpp
[14.348s] -- Installing: /home/acclivis/lgsvl_msgs/install/lgsvl_msgs/include/lgsvl_msgs/msg/detail/bounding_box2_d__rosidl_typesupport_introspection_cpp.hpp
[14.348s] -- Installing: /home/acclivis/lgsvl_msgs/install/lgsvl_msgs/include/lgsvl_msgs/msg/detail/bounding_box3_d__type_support.cpp
[14.348s] -- Installing: /home/acclivis/lgsvl_msgs/install/lgsvl_msgs/include/lgsvl_msgs/msg/detail/bounding_box3_d__rosidl_typesupport_introspection_cpp.hpp
[14.348s] -- Installing: /home/acclivis/lgsvl_msgs/install/lgsvl_msgs/lib/liblgsvl_msgs__rosidl_typesupport_introspection_cpp.so
[14.349s] -- Set runtime path of "/home/acclivis/lgsvl_msgs/install/lgsvl_msgs/lib/liblgsvl_msgs__rosidl_typesupport_introspection_cpp.so" to ""
[14.349s] -- Installing: /home/acclivis/lgsvl_msgs/install/lgsvl_msgs/lib/liblgsvl_msgs__rosidl_typesupport_cpp.so
[14.349s] -- Set runtime path of "/home/acclivis/lgsvl_msgs/install/lgsvl_msgs/lib/liblgsvl_msgs__rosidl_typesupport_cpp.so" to ""
[14.349s] -- Installing: /home/acclivis/lgsvl_msgs/install/lgsvl_msgs/share/lgsvl_msgs/environment/pythonpath.sh
[14.349s] -- Installing: /home/acclivis/lgsvl_msgs/install/lgsvl_msgs/share/lgsvl_msgs/environment/pythonpath.dsv
[14.349s] -- Installing: /home/acclivis/lgsvl_msgs/install/lgsvl_msgs/lib/python3.8/site-packages/lgsvl_msgs/__init__.py
[14.375s] Compiling '/home/acclivis/lgsvl_msgs/install/lgsvl_msgs/lib/python3.8/site-packages/lgsvl_msgs/__init__.py'...
[14.379s] -- Installing: /home/acclivis/lgsvl_msgs/install/lgsvl_msgs/lib/python3.8/site-packages/lgsvl_msgs/msg
[14.379s] -- Installing: /home/acclivis/lgsvl_msgs/install/lgsvl_msgs/lib/python3.8/site-packages/lgsvl_msgs/msg/_signal_array.py
[14.379s] -- Installing: /home/acclivis/lgsvl_msgs/install/lgsvl_msgs/lib/python3.8/site-packages/lgsvl_msgs/msg/_detected_radar_object_array.py
[14.379s] -- Installing: /home/acclivis/lgsvl_msgs/install/lgsvl_msgs/lib/python3.8/site-packages/lgsvl_msgs/msg/_signal_s.c
[14.379s] -- Installing: /home/acclivis/lgsvl_msgs/install/lgsvl_msgs/lib/python3.8/site-packages/lgsvl_msgs/msg/_ultrasonic_s.c
[14.379s] -- Installing: /home/acclivis/lgsvl_msgs/install/lgsvl_msgs/lib/python3.8/site-packages/lgsvl_msgs/msg/__init__.py
[14.379s] -- Installing: /home/acclivis/lgsvl_msgs/install/lgsvl_msgs/lib/python3.8/site-packages/lgsvl_msgs/msg/_detected_radar_object_s.c
[14.380s] -- Installing: /home/acclivis/lgsvl_msgs/install/lgsvl_msgs/lib/python3.8/site-packages/lgsvl_msgs/msg/_signal_array_s.c
[14.380s] -- Installing: /home/acclivis/lgsvl_msgs/install/lgsvl_msgs/lib/python3.8/site-packages/lgsvl_msgs/msg/_can_bus_data_s.c
[14.380s] -- Installing: /home/acclivis/lgsvl_msgs/install/lgsvl_msgs/lib/python3.8/site-packages/lgsvl_msgs/msg/_vehicle_control_data_s.c
[14.380s] -- Installing: /home/acclivis/lgsvl_msgs/install/lgsvl_msgs/lib/python3.8/site-packages/lgsvl_msgs/msg/_detection2_d_array_s.c
[14.380s] -- Installing: /home/acclivis/lgsvl_msgs/install/lgsvl_msgs/lib/python3.8/site-packages/lgsvl_msgs/msg/_detection3_d_s.c
[14.380s] -- Installing: /home/acclivis/lgsvl_msgs/install/lgsvl_msgs/lib/python3.8/site-packages/lgsvl_msgs/msg/_detection3_d.py
[14.380s] -- Installing: /home/acclivis/lgsvl_msgs/install/lgsvl_msgs/lib/python3.8/site-packages/lgsvl_msgs/msg/_vehicle_odometry_s.c
[14.380s] -- Installing: /home/acclivis/lgsvl_msgs/install/lgsvl_msgs/lib/python3.8/site-packages/lgsvl_msgs/msg/_vehicle_control_data.py
[14.380s] -- Installing: /home/acclivis/lgsvl_msgs/install/lgsvl_msgs/lib/python3.8/site-packages/lgsvl_msgs/msg/_bounding_box3_d_s.c
[14.380s] -- Installing: /home/acclivis/lgsvl_msgs/install/lgsvl_msgs/lib/python3.8/site-packages/lgsvl_msgs/msg/_detection2_d_s.c
[14.380s] -- Installing: /home/acclivis/lgsvl_msgs/install/lgsvl_msgs/lib/python3.8/site-packages/lgsvl_msgs/msg/_bounding_box3_d.py
[14.380s] -- Installing: /home/acclivis/lgsvl_msgs/install/lgsvl_msgs/lib/python3.8/site-packages/lgsvl_msgs/msg/_detection2_d.py
[14.380s] -- Installing: /home/acclivis/lgsvl_msgs/install/lgsvl_msgs/lib/python3.8/site-packages/lgsvl_msgs/msg/_bounding_box2_d.py
[14.380s] -- Installing: /home/acclivis/lgsvl_msgs/install/lgsvl_msgs/lib/python3.8/site-packages/lgsvl_msgs/msg/_detected_radar_object_array_s.c
[14.381s] -- Installing: /home/acclivis/lgsvl_msgs/install/lgsvl_msgs/lib/python3.8/site-packages/lgsvl_msgs/msg/_detection3_d_array_s.c
[14.381s] -- Installing: /home/acclivis/lgsvl_msgs/install/lgsvl_msgs/lib/python3.8/site-packages/lgsvl_msgs/msg/_can_bus_data.py
[14.381s] -- Installing: /home/acclivis/lgsvl_msgs/install/lgsvl_msgs/lib/python3.8/site-packages/lgsvl_msgs/msg/_ultrasonic.py
[14.381s] -- Installing: /home/acclivis/lgsvl_msgs/install/lgsvl_msgs/lib/python3.8/site-packages/lgsvl_msgs/msg/_vehicle_odometry.py
[14.381s] -- Installing: /home/acclivis/lgsvl_msgs/install/lgsvl_msgs/lib/python3.8/site-packages/lgsvl_msgs/msg/_detected_radar_object.py
[14.381s] -- Installing: /home/acclivis/lgsvl_msgs/install/lgsvl_msgs/lib/python3.8/site-packages/lgsvl_msgs/msg/_detection3_d_array.py
[14.381s] -- Installing: /home/acclivis/lgsvl_msgs/install/lgsvl_msgs/lib/python3.8/site-packages/lgsvl_msgs/msg/_detection2_d_array.py
[14.381s] -- Installing: /home/acclivis/lgsvl_msgs/install/lgsvl_msgs/lib/python3.8/site-packages/lgsvl_msgs/msg/_vehicle_state_data_s.c
[14.381s] -- Installing: /home/acclivis/lgsvl_msgs/install/lgsvl_msgs/lib/python3.8/site-packages/lgsvl_msgs/msg/_bounding_box2_d_s.c
[14.381s] -- Installing: /home/acclivis/lgsvl_msgs/install/lgsvl_msgs/lib/python3.8/site-packages/lgsvl_msgs/msg/_vehicle_state_data.py
[14.381s] -- Installing: /home/acclivis/lgsvl_msgs/install/lgsvl_msgs/lib/python3.8/site-packages/lgsvl_msgs/msg/_signal.py
[14.381s] -- Installing: /home/acclivis/lgsvl_msgs/install/lgsvl_msgs/lib/python3.8/site-packages/lgsvl_msgs/lgsvl_msgs_s__rosidl_typesupport_fastrtps_c.cpython-38-x86_64-linux-gnu.so
[14.382s] -- Set runtime path of "/home/acclivis/lgsvl_msgs/install/lgsvl_msgs/lib/python3.8/site-packages/lgsvl_msgs/lgsvl_msgs_s__rosidl_typesupport_fastrtps_c.cpython-38-x86_64-linux-gnu.so" to ""
[14.382s] -- Installing: /home/acclivis/lgsvl_msgs/install/lgsvl_msgs/lib/python3.8/site-packages/lgsvl_msgs/lgsvl_msgs_s__rosidl_typesupport_introspection_c.cpython-38-x86_64-linux-gnu.so
[14.383s] -- Set runtime path of "/home/acclivis/lgsvl_msgs/install/lgsvl_msgs/lib/python3.8/site-packages/lgsvl_msgs/lgsvl_msgs_s__rosidl_typesupport_introspection_c.cpython-38-x86_64-linux-gnu.so" to ""
[14.383s] -- Installing: /home/acclivis/lgsvl_msgs/install/lgsvl_msgs/lib/python3.8/site-packages/lgsvl_msgs/lgsvl_msgs_s__rosidl_typesupport_c.cpython-38-x86_64-linux-gnu.so
[14.383s] -- Set runtime path of "/home/acclivis/lgsvl_msgs/install/lgsvl_msgs/lib/python3.8/site-packages/lgsvl_msgs/lgsvl_msgs_s__rosidl_typesupport_c.cpython-38-x86_64-linux-gnu.so" to ""
[14.383s] -- Installing: /home/acclivis/lgsvl_msgs/install/lgsvl_msgs/lib/liblgsvl_msgs__python.so
[14.384s] -- Set runtime path of "/home/acclivis/lgsvl_msgs/install/lgsvl_msgs/lib/liblgsvl_msgs__python.so" to ""
[14.384s] -- Installing: /home/acclivis/lgsvl_msgs/install/lgsvl_msgs/share/lgsvl_msgs/msg/BoundingBox2D.idl
[14.384s] -- Installing: /home/acclivis/lgsvl_msgs/install/lgsvl_msgs/share/lgsvl_msgs/msg/BoundingBox3D.idl
[14.384s] -- Installing: /home/acclivis/lgsvl_msgs/install/lgsvl_msgs/share/lgsvl_msgs/msg/CanBusData.idl
[14.384s] -- Installing: /home/acclivis/lgsvl_msgs/install/lgsvl_msgs/share/lgsvl_msgs/msg/DetectedRadarObjectArray.idl
[14.384s] -- Installing: /home/acclivis/lgsvl_msgs/install/lgsvl_msgs/share/lgsvl_msgs/msg/DetectedRadarObject.idl
[14.384s] -- Installing: /home/acclivis/lgsvl_msgs/install/lgsvl_msgs/share/lgsvl_msgs/msg/Detection2D.idl
[14.384s] -- Installing: /home/acclivis/lgsvl_msgs/install/lgsvl_msgs/share/lgsvl_msgs/msg/Detection2DArray.idl
[14.385s] -- Installing: /home/acclivis/lgsvl_msgs/install/lgsvl_msgs/share/lgsvl_msgs/msg/Detection3D.idl
[14.385s] -- Installing: /home/acclivis/lgsvl_msgs/install/lgsvl_msgs/share/lgsvl_msgs/msg/Detection3DArray.idl
[14.385s] -- Installing: /home/acclivis/lgsvl_msgs/install/lgsvl_msgs/share/lgsvl_msgs/msg/Signal.idl
[14.385s] -- Installing: /home/acclivis/lgsvl_msgs/install/lgsvl_msgs/share/lgsvl_msgs/msg/SignalArray.idl
[14.385s] -- Installing: /home/acclivis/lgsvl_msgs/install/lgsvl_msgs/share/lgsvl_msgs/msg/Ultrasonic.idl
[14.385s] -- Installing: /home/acclivis/lgsvl_msgs/install/lgsvl_msgs/share/lgsvl_msgs/msg/VehicleControlData.idl
[14.385s] -- Installing: /home/acclivis/lgsvl_msgs/install/lgsvl_msgs/share/lgsvl_msgs/msg/VehicleStateData.idl
[14.385s] -- Installing: /home/acclivis/lgsvl_msgs/install/lgsvl_msgs/share/lgsvl_msgs/msg/VehicleOdometry.idl
[14.386s] -- Installing: /home/acclivis/lgsvl_msgs/install/lgsvl_msgs/share/lgsvl_msgs/msg/BoundingBox2D.msg
[14.386s] -- Installing: /home/acclivis/lgsvl_msgs/install/lgsvl_msgs/share/lgsvl_msgs/msg/BoundingBox3D.msg
[14.386s] -- Installing: /home/acclivis/lgsvl_msgs/install/lgsvl_msgs/share/lgsvl_msgs/msg/CanBusData.msg
[14.386s] -- Installing: /home/acclivis/lgsvl_msgs/install/lgsvl_msgs/share/lgsvl_msgs/msg/DetectedRadarObjectArray.msg
[14.386s] -- Installing: /home/acclivis/lgsvl_msgs/install/lgsvl_msgs/share/lgsvl_msgs/msg/DetectedRadarObject.msg
[14.386s] -- Installing: /home/acclivis/lgsvl_msgs/install/lgsvl_msgs/share/lgsvl_msgs/msg/Detection2D.msg
[14.386s] -- Installing: /home/acclivis/lgsvl_msgs/install/lgsvl_msgs/share/lgsvl_msgs/msg/Detection2DArray.msg
[14.386s] -- Installing: /home/acclivis/lgsvl_msgs/install/lgsvl_msgs/share/lgsvl_msgs/msg/Detection3D.msg
[14.386s] -- Installing: /home/acclivis/lgsvl_msgs/install/lgsvl_msgs/share/lgsvl_msgs/msg/Detection3DArray.msg
[14.387s] -- Installing: /home/acclivis/lgsvl_msgs/install/lgsvl_msgs/share/lgsvl_msgs/msg/Signal.msg
[14.387s] -- Installing: /home/acclivis/lgsvl_msgs/install/lgsvl_msgs/share/lgsvl_msgs/msg/SignalArray.msg
[14.387s] -- Installing: /home/acclivis/lgsvl_msgs/install/lgsvl_msgs/share/lgsvl_msgs/msg/Ultrasonic.msg
[14.387s] -- Installing: /home/acclivis/lgsvl_msgs/install/lgsvl_msgs/share/lgsvl_msgs/msg/VehicleControlData.msg
[14.387s] -- Installing: /home/acclivis/lgsvl_msgs/install/lgsvl_msgs/share/lgsvl_msgs/msg/VehicleStateData.msg
[14.387s] -- Installing: /home/acclivis/lgsvl_msgs/install/lgsvl_msgs/share/lgsvl_msgs/msg/VehicleOdometry.msg
[14.387s] -- Installing: /home/acclivis/lgsvl_msgs/install/lgsvl_msgs/share/ament_index/resource_index/package_run_dependencies/lgsvl_msgs
[14.387s] -- Installing: /home/acclivis/lgsvl_msgs/install/lgsvl_msgs/share/ament_index/resource_index/parent_prefix_path/lgsvl_msgs
[14.388s] -- Installing: /home/acclivis/lgsvl_msgs/install/lgsvl_msgs/share/lgsvl_msgs/environment/ament_prefix_path.sh
[14.388s] -- Installing: /home/acclivis/lgsvl_msgs/install/lgsvl_msgs/share/lgsvl_msgs/environment/ament_prefix_path.dsv
[14.388s] -- Installing: /home/acclivis/lgsvl_msgs/install/lgsvl_msgs/share/lgsvl_msgs/environment/path.sh
[14.388s] -- Installing: /home/acclivis/lgsvl_msgs/install/lgsvl_msgs/share/lgsvl_msgs/environment/path.dsv
[14.388s] -- Installing: /home/acclivis/lgsvl_msgs/install/lgsvl_msgs/share/lgsvl_msgs/local_setup.bash
[14.388s] -- Installing: /home/acclivis/lgsvl_msgs/install/lgsvl_msgs/share/lgsvl_msgs/local_setup.sh
[14.388s] -- Installing: /home/acclivis/lgsvl_msgs/install/lgsvl_msgs/share/lgsvl_msgs/local_setup.zsh
[14.389s] -- Installing: /home/acclivis/lgsvl_msgs/install/lgsvl_msgs/share/lgsvl_msgs/local_setup.dsv
[14.389s] -- Installing: /home/acclivis/lgsvl_msgs/install/lgsvl_msgs/share/lgsvl_msgs/package.dsv
[14.389s] -- Installing: /home/acclivis/lgsvl_msgs/install/lgsvl_msgs/share/ament_index/resource_index/packages/lgsvl_msgs
[14.389s] -- Installing: /home/acclivis/lgsvl_msgs/install/lgsvl_msgs/share/lgsvl_msgs/cmake/lgsvl_msgs__rosidl_generator_cExport.cmake
[14.389s] -- Installing: /home/acclivis/lgsvl_msgs/install/lgsvl_msgs/share/lgsvl_msgs/cmake/lgsvl_msgs__rosidl_generator_cExport-noconfig.cmake
[14.389s] -- Installing: /home/acclivis/lgsvl_msgs/install/lgsvl_msgs/share/lgsvl_msgs/cmake/lgsvl_msgs__rosidl_typesupport_introspection_cExport.cmake
[14.389s] -- Installing: /home/acclivis/lgsvl_msgs/install/lgsvl_msgs/share/lgsvl_msgs/cmake/lgsvl_msgs__rosidl_typesupport_introspection_cExport-noconfig.cmake
[14.390s] -- Installing: /home/acclivis/lgsvl_msgs/install/lgsvl_msgs/share/lgsvl_msgs/cmake/lgsvl_msgs__rosidl_typesupport_cExport.cmake
[14.390s] -- Installing: /home/acclivis/lgsvl_msgs/install/lgsvl_msgs/share/lgsvl_msgs/cmake/lgsvl_msgs__rosidl_typesupport_cExport-noconfig.cmake
[14.390s] -- Installing: /home/acclivis/lgsvl_msgs/install/lgsvl_msgs/share/lgsvl_msgs/cmake/lgsvl_msgs__rosidl_generator_cppExport.cmake
[14.390s] -- Installing: /home/acclivis/lgsvl_msgs/install/lgsvl_msgs/share/lgsvl_msgs/cmake/lgsvl_msgs__rosidl_typesupport_introspection_cppExport.cmake
[14.390s] -- Installing: /home/acclivis/lgsvl_msgs/install/lgsvl_msgs/share/lgsvl_msgs/cmake/lgsvl_msgs__rosidl_typesupport_introspection_cppExport-noconfig.cmake
[14.390s] -- Installing: /home/acclivis/lgsvl_msgs/install/lgsvl_msgs/share/lgsvl_msgs/cmake/lgsvl_msgs__rosidl_typesupport_cppExport.cmake
[14.390s] -- Installing: /home/acclivis/lgsvl_msgs/install/lgsvl_msgs/share/lgsvl_msgs/cmake/lgsvl_msgs__rosidl_typesupport_cppExport-noconfig.cmake
[14.391s] -- Installing: /home/acclivis/lgsvl_msgs/install/lgsvl_msgs/share/lgsvl_msgs/cmake/rosidl_cmake-extras.cmake
[14.391s] -- Installing: /home/acclivis/lgsvl_msgs/install/lgsvl_msgs/share/lgsvl_msgs/cmake/ament_cmake_export_dependencies-extras.cmake
[14.391s] -- Installing: /home/acclivis/lgsvl_msgs/install/lgsvl_msgs/share/lgsvl_msgs/cmake/ament_cmake_export_libraries-extras.cmake
[14.391s] -- Installing: /home/acclivis/lgsvl_msgs/install/lgsvl_msgs/share/lgsvl_msgs/cmake/ament_cmake_export_targets-extras.cmake
[14.391s] -- Installing: /home/acclivis/lgsvl_msgs/install/lgsvl_msgs/share/lgsvl_msgs/cmake/ament_cmake_export_include_directories-extras.cmake
[14.391s] -- Installing: /home/acclivis/lgsvl_msgs/install/lgsvl_msgs/share/lgsvl_msgs/cmake/rosidl_cmake_export_typesupport_libraries-extras.cmake
[14.391s] -- Installing: /home/acclivis/lgsvl_msgs/install/lgsvl_msgs/share/lgsvl_msgs/cmake/rosidl_cmake_export_typesupport_targets-extras.cmake
[14.391s] -- Installing: /home/acclivis/lgsvl_msgs/install/lgsvl_msgs/share/lgsvl_msgs/cmake/lgsvl_msgsConfig.cmake
[14.392s] -- Installing: /home/acclivis/lgsvl_msgs/install/lgsvl_msgs/share/lgsvl_msgs/cmake/lgsvl_msgsConfig-version.cmake
[14.392s] -- Installing: /home/acclivis/lgsvl_msgs/install/lgsvl_msgs/share/lgsvl_msgs/package.xml
[14.393s] Invoked command in '/home/acclivis/lgsvl_msgs/build/lgsvl_msgs' returned '0': CMAKE_PREFIX_PATH=${CMAKE_PREFIX_PATH}:/opt/ros/foxy /usr/bin/cmake --install /home/acclivis/lgsvl_msgs/build/lgsvl_msgs
